
14:27:50.981002 [    7fcce6968e54] fstat(30, {st_dev=makedev(0, 27), st_ino=55, st_mode=S_IFREG|0660, st_nlink=1, st_uid=11179, st_gid=808, st_blksize=512, st_blocks=5444, st_size=2787120, st_atime=2015/03/31-16:54:08, st_mtime=2015/03/31-16:54:08, st_ctime=2015/03/31-16:54:08}) = 0 <0.000082>
14:27:50.981246 [    7fcce696f20b] writev(27, [{"mumble...ENTIRE FILE HEAVILY REDACTED...mumble"..., 254}], 1) = 254 <0.000107>
14:27:50.981444 [    7fcce696b22a] sendfile(27, 30, [0], 2787120) = 163840 <0.040316>
14:27:51.021827 [    7fcce6976efa] epoll_ctl(9, EPOLL_CTL_MOD, 27, {EPOLLIN|EPOLLOUT|EPOLLET, {u32=3884587665, u64=140518034643601}}) = 0 <0.000036>
14:27:51.021941 [    7fcce6976f33] epoll_wait(9, {{EPOLLOUT, {u32=3884587280, u64=140518034643216}}, {EPOLLOUT, {u32=3884585936, u64=140518034641872}}, {EPOLLOUT, {u32=3884586704, u64=140518034642640}}, {EPOLLOUT, {u32=3884586128, u64=140518034642064}}, {EPOLLIN|EPOLLOUT, {u32=3884588625, u64=140518034644561}}}, 512, 4807) = 5 <0.000042>

14:27:51.023736 [    7fcce696f20b] writev(21, [{"mumble"..., 1694}], 1) = 1694 <0.000013>
14:27:51.023822 [    7fcce74c2d70] close(19) = 0 <0.000039>
14:27:51.023906 [    7fcce74c2cb0] write(5, "10.0.0.99 - - [27/Apr/2015:14:27:51 +0100] \"GET /d/autoconf/nfs/bigstash/00000512/837572.tophat.nodup.bai HTTP/1.1\" 20"..., 521) = 521 <0.000016>

14:27:51.046775 [    7fcce74c3102] recvfrom(20, "mumble"..., 4096, 0, NULL, NULL) = 4096 <0.000013>
14:27:51.046859 [    7fcce696f20b] writev(17, [{"mumble"..., 4096}], 1) = 1804 <0.000013>
14:27:51.046954 [    7fcce74c3102] recvfrom(21, "mumble"..., 1024, 0, NULL, NULL) = 739 <0.000013>
14:27:51.047040 [    7fcce6977b57] socket(PF_INET, SOCK_STREAM, IPPROTO_IP) = 19 <0.000017>
14:27:51.047087 [    7fcce696f127] ioctl(19, FIONBIO, [1]) = 0 <0.000009>
14:27:51.047130 [    7fcce6976efa] epoll_ctl(9, EPOLL_CTL_ADD, 19, {EPOLLIN|EPOLLOUT|EPOLLET, {u32=3884587472, u64=140518034643408}}) = 0 <0.000013>
14:27:51.047178 [    7fcce74c3090] connect(19, {sa_family=AF_INET, sin_port=htons(8001), sin_addr=inet_addr("127.0.0.1")}, 16) = -1 EINPROGRESS (Operation now in progress) <0.000040>
14:27:51.047261 [    7fcce6976f33] epoll_wait(9, {{EPOLLIN|EPOLLOUT|EPOLLHUP, {u32=3884587088, u64=140518034643024}}, {EPOLLIN|EPOLLOUT, {u32=3884585744, u64=140518034641680}}, {EPOLLOUT, {u32=3884589008, u64=140518034644944}}, {EPOLLIN|EPOLLOUT, {u32=3884588817, u64=140518034644753}}, {EPOLLOUT, {u32=3884588433, u64=140518034644369}}, {EPOLLOUT, {u32=3884587280, u64=140518034643216}}, {EPOLLIN|EPOLLOUT, {u32=3884588240, u64=140518034644176}}, {EPOLLOUT, {u32=3884586320, u64=140518034642256}}, {EPOLLOUT, {u32=3884585936, u64=140518034641872}}, {EPOLLIN|EPOLLOUT, {u32=3884588625, u64=140518034644561}}, {EPOLLOUT, {u32=3884587665, u64=140518034643601}}, {EPOLLOUT, {u32=3884587472, u64=140518034643408}}, {EPOLLIN, {u32=3884584976, u64=140518034640912}}}, 512, 4735) = 13 <0.000014>
14:27:51.047343 [    7fcce74c3102] recvfrom(25, "mumble", 4096, 0, NULL, NULL) = 0 <0.000013>
14:27:51.047395 [    7fcce6977767] getsockname(25, {sa_family=AF_INET, sin_port=htons(8001), sin_addr=inet_addr("127.0.0.1")}, [16]) = 0 <0.000036>

14:27:51.047535 [    7fcce74c2d70] close(28) = 0 <0.000047>
14:27:51.047611 [    7fcce74c2d70] close(25) = 0 <0.000019>
14:27:51.047664 [    7fcce696b22a] sendfile(29, 32, [917504], 4983792) = 262144 <0.005987>
14:27:51.053715 [    7fcce74c3102] recvfrom(21, 0x7fffe1123b2f, 1, 2, 0, 0) = -1 EAGAIN (Resource temporarily unavailable) <0.000031>
14:27:51.053792 [    7fcce696b22a] sendfile(15, 16, [4308992], 2968408) = 147456 <0.000099>

14:27:51.057888 [    7fcce696f20b] writev(10, [{"mumble"..., 4096}], 1) = 2964 <0.000017>
14:27:51.057988 [    7fcce696b22a] sendfile(27, 30, [163840], 2623280) = 180224 <0.000086>
14:27:51.058112 [    7fcce697779a] getsockopt(19, SOL_SOCKET, SO_ERROR, [0], [4]) = 0 <0.000013>
14:27:51.058162 [    7fcce696f20b] writev(19, [{"mumble"..., 757}], 1) = 757 <0.000028>
14:27:51.058241 [    7fcce69785db] accept4(6, {sa_family=AF_INET, sin_port=htons(36119), sin_addr=inet_addr("127.0.0.1")}, [16], SOCK_NONBLOCK) = 25 <0.000018>
14:27:51.058306 [    7fcce6976efa] epoll_ctl(9, EPOLL_CTL_ADD, 25, {EPOLLIN|EPOLLET, {u32=3884587089, u64=140518034643025}}) = 0 <0.000015>
14:27:51.058358 [    7fcce6976f33] epoll_wait(9, {{EPOLLIN|EPOLLOUT, {u32=3884586513, u64=140518034642449}}, {EPOLLIN|EPOLLOUT, {u32=3884588625, u64=140518034644561}}, {EPOLLIN, {u32=3884587089, u64=140518034643025}}}, 512, 4822) = 3 <0.000014>
14:27:51.058419 [    7fcce74c3102] recvfrom(25, "mumble"..., 1024, 0, NULL, NULL) = 757 <0.000016>
14:27:51.058502 [    7fcce74c3570] open("/nfs/bigstash/00000035/457682.v1.refract.bwa_mapped.bam.bai", O_RDONLY|O_NONBLOCK) = 28 <0.047604>
14:27:51.106161 [    7fcce6968e54] fstat(28, {st_dev=makedev(0, 27), st_ino=56, st_mode=S_IFREG|0660, st_nlink=1, st_uid=11179, st_gid=808, st_blksize=512, st_blocks=6646, st_size=3402624, st_atime=2015/03/31-16:54:08, st_mtime=2015/03/31-16:54:08, st_ctime=2015/03/31-16:54:08}) = 0 <0.000033>
14:27:51.106289 [    7fcce696f20b] writev(25, [{"mumble"..., 254}], 1) = 254 <0.000053>
14:27:51.106400 [    7fcce696b22a] sendfile(25, 28, [0], 3402624) = 163840 <0.035665>
14:27:51.142113 [    7fcce6976efa] epoll_ctl(9, EPOLL_CTL_MOD, 25, {EPOLLIN|EPOLLOUT|EPOLLET, {u32=3884587089, u64=140518034643025}}) = 0 <0.000038>
14:27:51.142195 [    7fcce6976f33] epoll_wait(9, {{EPOLLOUT, {u32=3884586704, u64=140518034642640}}, {EPOLLOUT, {u32=3884585936, u64=140518034641872}}, {EPOLLOUT, {u32=3884586128, u64=140518034642064}}, {EPOLLOUT, {u32=3884586897, u64=140518034642833}}, {EPOLLIN|EPOLLOUT, {u32=3884588625, u64=140518034644561}}, {EPOLLIN|EPOLLOUT, {u32=3884587472, u64=140518034643408}}}, 512, 4811) = 6 <0.000017>
14:27:51.142282 [    7fcce696f20b] writev(11, [{"mumble"..., 908}], 1) = 908 <0.000042>
14:27:51.142409 [    7fcce74c3102] recvfrom(22, "mumble"..., 4096, 0, NULL, NULL) = 4096 <0.000059>
14:27:51.168929 [    7fcce74c3102] recvfrom(19, "mumble"..., 4096, 0, NULL, NULL) = 4096 <0.000014>
14:27:51.169020 [    7fcce696f20b] writev(21, [{"mumble"..., 4096}], 1) = 1608 <0.000015>
14:27:51.169113 [    7fcce6976f33] epoll_wait(9, {{EPOLLIN|EPOLLOUT, {u32=3884588817, u64=140518034644753}}, {EPOLLOUT, {u32=3884588433, u64=140518034644369}}, {EPOLLOUT, {u32=3884586704, u64=140518034642640}}, {EPOLLIN|EPOLLOUT, {u32=3884588240, u64=140518034644176}}, {EPOLLOUT, {u32=3884586320, u64=140518034642256}}, {EPOLLIN|EPOLLOUT, {u32=3884588625, u64=140518034644561}}, {EPOLLOUT, {u32=3884587665, u64=140518034643601}}, {EPOLLOUT, {u32=3884585936, u64=140518034641872}}, {EPOLLIN|EPOLLOUT, {u32=3884587472, u64=140518034643408}}, {EPOLLOUT, {u32=3884587089, u64=140518034643025}}}, 512, 4727) = 10 <0.000014>
14:27:51.169191 [    7fcce696b22a] sendfile(29, 32, [1179648], 4721648) = 147456 <0.000070>
14:27:51.169297 [    7fcce696f20b] writev(11, [{"mumble"..., 1118}], 1) = 1118 <0.000023>
14:27:51.169397 [    7fcce74c3102] recvfrom(22, "mumble"..., 4096, 0, NULL, NULL) = 4096 <0.000015>
14:27:51.193426 [    7fcce696f20b] writev(10, [{"mumble"..., 4078}], 1) = 4078 <0.000014>
14:27:51.193514 [    7fcce74c2d70] close(23) = 0 <0.000038>
14:27:51.193599 [    7fcce74c2cb0] write(5, "10.0.0.99 - - [27/Apr/2015:14:27:51 +0100] \"GET /d/autoconf/nfs/bigstash/00000724/869382.bam.bai HTTP/1.1\" 200 5410544"..., 590) = 590 <0.000016>
14:27:51.193666 [    7fcce696b22a] sendfile(25, 28, [163840], 3238784) = 180224 <0.000088>
14:27:51.193790 [    7fcce74c3102] recvfrom(10, 0x262a3f0, 1024, 0, 0, 0) = -1 EAGAIN (Resource temporarily unavailable) <0.000013>
14:27:51.193841 [    7fcce6976f33] epoll_wait(9, {{EPOLLIN|EPOLLOUT, {u32=3884588817, u64=140518034644753}}, {EPOLLIN|EPOLLOUT, {u32=3884588625, u64=140518034644561}}, {EPOLLOUT, {u32=3884586704, u64=140518034642640}}, {EPOLLOUT, {u32=3884587280, u64=140518034643216}}, {EPOLLOUT, {u32=3884585552, u64=140518034641488}}, {EPOLLIN|EPOLLOUT|EPOLLHUP, {u32=3884589008, u64=140518034644944}}, {EPOLLIN|EPOLLOUT, {u32=3884587472, u64=140518034643408}}}, 512, 4700) = 7 <0.000013>
14:27:51.193909 [    7fcce696f20b] writev(11, [{"mumble"..., 2502}], 1) = 2502 <0.000014>
14:27:51.193999 [    7fcce74c3102] recvfrom(22, "mumble"..., 4096, 0, NULL, NULL) = 4096 <0.000027>

14:27:51.196247 [    7fcce696f20b] writev(11, [{"mumble"..., 4096}], 1) = 406 <0.000015>

14:27:51.199395 [    7fcce696f20b] writev(21, [{"mumble"..., 4096}], 1) = 3216 <0.000015>

14:27:51.204625 [    7fcce696f20b] writev(3, [{"mumble"..., 4096}], 1) = 1288 <0.000013>
14:27:51.204713 [    7fcce74c3102] recvfrom(31, "mumble", 4096, 0, NULL, NULL) = 0 <0.000012>
14:27:51.204764 [    7fcce6977767] getsockname(31, {sa_family=AF_INET, sin_port=htons(8001), sin_addr=inet_addr("127.0.0.1")}, [16]) = 0 <0.000011>

14:27:51.204884 [    7fcce74c2d70] close(33) = 0 <0.000045>
14:27:51.204959 [    7fcce74c2d70] close(31) = 0 <0.000019>
14:27:51.205015 [    7fcce6976f33] epoll_wait(9, {{EPOLLIN|EPOLLOUT, {u32=3884588817, u64=140518034644753}}, {EPOLLOUT, {u32=3884586128, u64=140518034642064}}, {EPOLLOUT, {u32=3884588433, u64=140518034644369}}, {EPOLLOUT, {u32=3884587089, u64=140518034643025}}, {EPOLLIN|EPOLLOUT, {u32=3884587472, u64=140518034643408}}, {EPOLLIN|EPOLLOUT, {u32=3884586513, u64=140518034642449}}, {EPOLLOUT, {u32=3884586704, u64=140518034642640}}}, 512, 59434) = 7 <0.000013>

14:27:51.210650 [    7fcce696f20b] writev(13, [{"mumble"..., 4096}], 1) = 2196 <0.000012>
14:27:51.210735 [    7fcce696b22a] sendfile(29, 32, [1327104], 4574192) = 147456 <0.000069>
14:27:51.210837 [    7fcce696b22a] sendfile(25, 28, [344064], 3058560) = 196608 <0.008685>

14:27:51.223304 [    7fcce696f20b] writev(11, [{"mumble"..., 4096}], 1) = 266 <0.000014>
14:27:51.223395 [    7fcce6976f33] epoll_wait(9, {{EPOLLIN|EPOLLOUT, {u32=3884588240, u64=140518034644176}}, {EPOLLOUT, {u32=3884586897, u64=140518034642833}}, {EPOLLOUT, {u32=3884587665, u64=140518034643601}}, {EPOLLIN|EPOLLOUT, {u32=3884588625, u64=140518034644561}}, {EPOLLOUT, {u32=3884587280, u64=140518034643216}}, {EPOLLIN|EPOLLOUT, {u32=3884585936, u64=140518034641872}}, {EPOLLIN|EPOLLOUT, {u32=3884588817, u64=140518034644753}}}, 512, 59422) = 7 <0.000013>

14:27:51.228838 [    7fcce696f20b] writev(17, [{"mumble"..., 4096}], 1) = 3622 <0.000012>
14:27:51.228924 [    7fcce696b22a] sendfile(27, 30, [606208], 2180912) = 376832 <0.004894>

14:27:51.237636 [    7fcce696f20b] writev(21, [{"mumble"..., 4096}], 1) = 1608 <0.000042>
14:27:51.237764 [    7fcce74c3102] recvfrom(10, "mumble"..., 1024, 0, NULL, NULL) = 749 <0.000013>
14:27:51.237854 [    7fcce6977b57] socket(PF_INET, SOCK_STREAM, IPPROTO_IP) = 23 <0.000017>
14:27:51.237902 [    7fcce696f127] ioctl(23, FIONBIO, [1]) = 0 <0.000010>
14:27:51.237945 [    7fcce6976efa] epoll_ctl(9, EPOLL_CTL_ADD, 23, {EPOLLIN|EPOLLOUT|EPOLLET, {u32=3884589009, u64=140518034644945}}) = 0 <0.000013>
14:27:51.237994 [    7fcce74c3090] connect(23, {sa_family=AF_INET, sin_port=htons(8001), sin_addr=inet_addr("127.0.0.1")}, 16) = -1 EINPROGRESS (Operation now in progress) <0.000043>
14:27:51.238078 [    7fcce74c3102] recvfrom(10, 0x7fffe1123b2f, 1, 2, 0, 0) = -1 EAGAIN (Resource temporarily unavailable) <0.000012>
14:27:51.238125 [    7fcce6976f33] epoll_wait(9, {{EPOLLIN|EPOLLOUT, {u32=3884588625, u64=140518034644561}}, {EPOLLOUT, {u32=3884586704, u64=140518034642640}}, {EPOLLOUT, {u32=3884585552, u64=140518034641488}}, {EPOLLIN|EPOLLOUT, {u32=3884587472, u64=140518034643408}}, {EPOLLOUT, {u32=3884589009, u64=140518034644945}}, {EPOLLIN, {u32=3884584976, u64=140518034640912}}}, 512, 59404) = 6 <0.000012>

14:27:51.240868 [    7fcce696f20b] writev(11, [{"mumble"..., 4096}], 1) = 1846 <0.000015>

14:27:51.245356 [    7fcce696f20b] writev(3, [{"mumble"..., 4096}], 1) = 3008 <0.000013>
14:27:51.245445 [    7fcce697779a] getsockopt(23, SOL_SOCKET, SO_ERROR, [0], [4]) = 0 <0.000011>
14:27:51.245489 [    7fcce696f20b] writev(23, [{"mumble"..., 767}], 1) = 767 <0.000024>
14:27:51.245562 [    7fcce69785db] accept4(6, {sa_family=AF_INET, sin_port=htons(36120), sin_addr=inet_addr("127.0.0.1")}, [16], SOCK_NONBLOCK) = 31 <0.000015>
14:27:51.245622 [    7fcce6976efa] epoll_ctl(9, EPOLL_CTL_ADD, 31, {EPOLLIN|EPOLLET, {u32=3884585745, u64=140518034641681}}) = 0 <0.000013>
14:27:51.245670 [    7fcce6976f33] epoll_wait(9, {{EPOLLIN|EPOLLOUT, {u32=3884588817, u64=140518034644753}}, {EPOLLOUT, {u32=3884586128, u64=140518034642064}}, {EPOLLOUT, {u32=3884588433, u64=140518034644369}}, {EPOLLIN|EPOLLOUT, {u32=3884586513, u64=140518034642449}}, {EPOLLOUT, {u32=3884587857, u64=140518034643793}}, {EPOLLIN, {u32=3884585745, u64=140518034641681}}}, 512, 59389) = 6 <0.000013>

14:27:51.250547 [    7fcce696f20b] writev(13, [{"mumble"..., 4096}], 1) = 1204 <0.000014>
14:27:51.250636 [    7fcce696b22a] sendfile(29, 32, [1474560], 4426736) = 147456 <0.000068>
14:27:51.250740 [    7fcce696b22a] sendfile(24, 26, [5373952], 1156064) = 196608 <0.000071>
14:27:51.250848 [    7fcce74c3102] recvfrom(31, "mumble"..., 1024, 0, NULL, NULL) = 767 <0.000014>
14:27:51.250927 [    7fcce74c3570] open("/nfs/bigstash/00000563/865736.bam.bai", O_RDONLY|O_NONBLOCK) = 33 <0.043914>
14:27:51.294942 [    7fcce6968e54] fstat(33, {st_dev=makedev(0, 27), st_ino=57, st_mode=S_IFREG|0660, st_nlink=1, st_uid=11179, st_gid=808, st_blksize=512, st_blocks=10367, st_size=5307656, st_atime=2015/03/31-17:52:32, st_mtime=2015/03/31-17:52:32, st_ctime=2015/03/31-17:52:32}) = 0 <0.000065>
14:27:51.295147 [    7fcce696f20b] writev(31, [{"mumble"..., 254}], 1) = 254 <0.000101>
14:27:51.295332 [    7fcce696b22a] sendfile(31, 33, [0], 5307656) = 163840 <0.045715>
14:27:51.341091 [    7fcce6976efa] epoll_ctl(9, EPOLL_CTL_MOD, 31, {EPOLLIN|EPOLLOUT|EPOLLET, {u32=3884585745, u64=140518034641681}}) = 0 <0.000014>
14:27:51.341147 [    7fcce6976f33] epoll_wait(9, {{EPOLLOUT, {u32=3884586320, u64=140518034642256}}, {EPOLLIN|EPOLLOUT, {u32=3884588240, u64=140518034644176}}, {EPOLLOUT, {u32=3884587280, u64=140518034643216}}, {EPOLLOUT, {u32=3884586704, u64=140518034642640}}, {EPOLLOUT, {u32=3884586897, u64=140518034642833}}, {EPOLLOUT, {u32=3884587089, u64=140518034643025}}, {EPOLLIN|EPOLLOUT, {u32=3884588625, u64=140518034644561}}, {EPOLLIN|EPOLLOUT, {u32=3884587472, u64=140518034643408}}, {EPOLLOUT, {u32=3884585552, u64=140518034641488}}, {EPOLLIN|EPOLLOUT, {u32=3884589009, u64=140518034644945}}}, 512, 59705) = 10 <0.000016>
14:27:51.341230 [    7fcce696b22a] sendfile(15, 16, [4603904], 2673496) = 245760 <0.009284>

14:27:51.355483 [    7fcce696f20b] writev(21, [{"mumble"..., 4096}], 1) = 3034 <0.000016>

14:27:51.359518 [    7fcce696f20b] writev(11, [{"mumble"..., 4096}], 1) = 1608 <0.000015>

14:27:51.363505 [    7fcce696f20b] writev(17, [{"mumble"..., 4096}], 1) = 238 <0.000014>
14:27:51.363604 [    7fcce696b22a] sendfile(25, 28, [540672], 2861952) = 245760 <0.005004>

14:27:51.375345 [    7fcce696f20b] writev(3, [{"mumble"..., 4096}], 1) = 448 <0.000015>
14:27:51.375438 [    7fcce74c3102] recvfrom(23, "mumble"..., 4096, 0, NULL, NULL) = 4096 <0.000016>

14:27:51.379434 [    7fcce696f20b] writev(10, [{"mumble"..., 4096}], 1) = 1608 <0.000016>
14:27:51.379529 [    7fcce6976f33] epoll_wait(9, {{EPOLLIN|EPOLLOUT, {u32=3884587472, u64=140518034643408}}, {EPOLLIN|EPOLLOUT, {u32=3884588817, u64=140518034644753}}, {EPOLLOUT, {u32=3884587280, u64=140518034643216}}, {EPOLLIN|EPOLLOUT, {u32=3884588625, u64=140518034644561}}, {EPOLLOUT, {u32=3884587665, u64=140518034643601}}, {EPOLLIN|EPOLLOUT, {u32=3884586513, u64=140518034642449}}, {EPOLLOUT, {u32=3884586897, u64=140518034642833}}, {EPOLLOUT, {u32=3884587857, u64=140518034643793}}, {EPOLLIN|EPOLLOUT, {u32=3884589009, u64=140518034644945}}, {EPOLLOUT, {u32=3884585745, u64=140518034641681}}}, 512, 59609) = 10 <0.000019>

14:27:51.383698 [    7fcce696f20b] writev(21, [{"mumble"..., 4096}], 1) = 1608 <0.000016>
14:27:51.383791 [    7fcce696b22a] sendfile(27, 30, [983040], 1804080) = 196608 <0.004423>

14:27:51.391833 [    7fcce696f20b] writev(17, [{"mumble"..., 4096}], 1) = 1594 <0.000013>
14:27:51.391922 [    7fcce696b22a] sendfile(24, 26, [5570560], 959456) = 147456 <0.000067>
14:27:51.392024 [    7fcce696b22a] sendfile(31, 33, [163840], 5143816) = 180224 <0.000083>
14:27:51.392145 [    7fcce6976f33] epoll_wait(9, {{EPOLLIN|EPOLLOUT, {u32=3884587472, u64=140518034643408}}, {EPOLLOUT, {u32=3884587089, u64=140518034643025}}, {EPOLLOUT, {u32=3884586704, u64=140518034642640}}, {EPOLLIN|EPOLLOUT, {u32=3884588625, u64=140518034644561}}, {EPOLLIN|EPOLLOUT, {u32=3884589009, u64=140518034644945}}}, 512, 59668) = 5 <0.000012>
14:27:51.392206 [    7fcce696b22a] sendfile(25, 28, [786432], 2616192) = 131072 <0.000065>

14:27:51.393759 [    7fcce696f20b] writev(11, [{"mumble"..., 4096}], 1) = 3090 <0.000016>
14:27:51.393852 [    7fcce6976f33] epoll_wait(9, {{EPOLLIN|EPOLLOUT, {u32=3884588817, u64=140518034644753}}}, 512, 59655) = 1 <0.000013>
14:27:51.393903 [    7fcce6976f33] epoll_wait(9, {{EPOLLOUT, {u32=3884585745, u64=140518034641681}}, {EPOLLIN|EPOLLOUT, {u32=3884589009, u64=140518034644945}}}, 512, 59654) = 2 <0.023787>
14:27:51.417730 [    7fcce696b22a] sendfile(31, 33, [344064], 4963592) = 131072 <0.005320>
14:27:51.423100 [    7fcce6976f33] epoll_wait(9, {{EPOLLOUT, {u32=3884588433, u64=140518034644369}}}, 512, 59630) = 1 <0.005365>
14:27:51.428529 [    7fcce696b22a] sendfile(29, 32, [1622016], 4279280) = 147456 <0.000084>
14:27:51.428673 [    7fcce6976f33] epoll_wait(9, {{EPOLLIN|EPOLLOUT, {u32=3884589009, u64=140518034644945}}}, 512, 59619) = 1 <0.029459>
14:27:51.458296 [    7fcce6976f33] epoll_wait(9, {{EPOLLOUT, {u32=3884587280, u64=140518034643216}}}, 512, 59589) = 1 <0.013448>

14:27:51.474135 [    7fcce696f20b] writev(21, [{"mumble"..., 4096}], 1) = 378 <0.000022>
14:27:51.474244 [    7fcce6976f33] epoll_wait(9, {{EPOLLIN|EPOLLOUT, {u32=3884587472, u64=140518034643408}}}, 512, 59576) = 1 <0.000018>
14:27:51.474309 [    7fcce6976f33] epoll_wait(9, {{EPOLLOUT, {u32=3884586704, u64=140518034642640}}}, 512, 59573) = 1 <0.001188>

14:27:51.477933 [    7fcce696f20b] writev(11, [{"mumble"..., 4096}], 1) = 1874 <0.000016>
14:27:51.478027 [    7fcce6976f33] epoll_wait(9, {{EPOLLIN|EPOLLOUT, {u32=3884588817, u64=140518034644753}}}, 512, 59572) = 1 <0.000015>
14:27:51.478083 [    7fcce6976f33] epoll_wait(9, {{EPOLLOUT, {u32=3884585936, u64=140518034641872}}}, 512, 59569) = 1 <0.002335>

14:27:51.483098 [    7fcce696f20b] writev(10, [{"mumble"..., 4096}], 1) = 3146 <0.000016>
14:27:51.483194 [    7fcce6976f33] epoll_wait(9, {{EPOLLIN|EPOLLOUT, {u32=3884589009, u64=140518034644945}}}, 512, 59567) = 1 <0.000013>
14:27:51.483245 [    7fcce6976f33] epoll_wait(9, {{EPOLLOUT, {u32=3884586128, u64=140518034642064}}}, 512, 59564) = 1 <0.006215>

14:27:51.494105 [    7fcce696f20b] writev(13, [{"mumble"..., 4096}], 1) = 1512 <0.000014>
14:27:51.494194 [    7fcce6976f33] epoll_wait(9, {{EPOLLIN|EPOLLOUT, {u32=3884588240, u64=140518034644176}}, {EPOLLOUT, {u32=3884586704, u64=140518034642640}}, {EPOLLOUT, {u32=3884586897, u64=140518034642833}}}, 512, 59680) = 3 <0.000012>

14:27:51.496153 [    7fcce696f20b] writev(11, [{"mumble"..., 4096}], 1) = 2028 <0.000014>

14:27:51.500598 [    7fcce696f20b] writev(17, [{"mumble"..., 4096}], 1) = 3314 <0.000012>
14:27:51.500685 [    7fcce6976f33] epoll_wait(9, {{EPOLLIN|EPOLLOUT, {u32=3884588817, u64=140518034644753}}, {EPOLLOUT, {u32=3884587280, u64=140518034643216}}, {EPOLLIN|EPOLLOUT, {u32=3884588625, u64=140518034644561}}, {EPOLLOUT, {u32=3884587665, u64=140518034643601}}}, 512, 59675) = 4 <0.000012>

14:27:51.503684 [    7fcce696f20b] writev(21, [{"mumble"..., 4096}], 1) = 3356 <0.000014>
14:27:51.503772 [    7fcce696b22a] sendfile(27, 30, [1179648], 1607472) = 196608 <0.000138>
14:27:51.503959 [    7fcce6976f33] epoll_wait(9, {{EPOLLIN|EPOLLOUT, {u32=3884587472, u64=140518034643408}}, {EPOLLOUT, {u32=3884585552, u64=140518034641488}}, {EPOLLOUT, {u32=3884585936, u64=140518034641872}}, {EPOLLOUT, {u32=3884587089, u64=140518034643025}}}, 512, 59669) = 4 <0.000013>

14:27:51.508296 [    7fcce696f20b] writev(3, [{"mumble"..., 4096}], 1) = 728 <0.000014>

14:27:51.513537 [    7fcce696f20b] writev(10, [{"mumble"..., 4096}], 1) = 3538 <0.000013>
14:27:51.513624 [    7fcce696b22a] sendfile(25, 28, [917504], 2485120) = 131072 <0.000066>
14:27:51.513731 [    7fcce6976f33] epoll_wait(9, {{EPOLLIN|EPOLLOUT, {u32=3884586513, u64=140518034642449}}, {EPOLLOUT, {u32=3884586704, u64=140518034642640}}, {EPOLLIN|EPOLLOUT, {u32=3884589009, u64=140518034644945}}, {EPOLLOUT, {u32=3884585745, u64=140518034641681}}}, 512, 59665) = 4 <0.000013>

14:27:51.517239 [    7fcce696f20b] writev(11, [{"mumble"..., 4096}], 1) = 2252 <0.000021>
14:27:51.517335 [    7fcce696b22a] sendfile(31, 33, [475136], 4832520) = 163840 <0.000066>
14:27:51.517457 [    7fcce6976f33] epoll_wait(9, {{EPOLLIN|EPOLLOUT, {u32=3884588817, u64=140518034644753}}, {EPOLLOUT, {u32=3884587280, u64=140518034643216}}}, 512, 59656) = 2 <0.000012>

14:27:51.519785 [    7fcce696f20b] writev(21, [{"mumble"..., 4096}], 1) = 3510 <0.000012>
14:27:51.519870 [    7fcce6976f33] epoll_wait(9, {{EPOLLIN|EPOLLOUT, {u32=3884587472, u64=140518034643408}}}, 512, 59652) = 1 <0.000079>
14:27:51.520001 [    7fcce6976f33] epoll_wait(9, {{EPOLLOUT, {u32=3884586704, u64=140518034642640}}}, 512, 59650) = 1 <0.010898>

14:27:51.533231 [    7fcce696f20b] writev(11, [{"mumble"..., 4096}], 1) = 1036 <0.000015>
14:27:51.533322 [    7fcce6976f33] epoll_wait(9, {{EPOLLIN|EPOLLOUT, {u32=3884588817, u64=140518034644753}}, {EPOLLOUT, {u32=3884588433, u64=140518034644369}}}, 512, 59639) = 2 <0.000013>
14:27:51.533376 [    7fcce696b22a] sendfile(29, 32, [1769472], 4131824) = 147456 <0.000072>
14:27:51.533485 [    7fcce6976f33] epoll_wait(9, {{EPOLLOUT, {u32=3884586704, u64=140518034642640}}}, 512, 59636) = 1 <0.011261>

14:27:51.546241 [    7fcce696f20b] writev(11, [{"mumble"..., 4096}], 1) = 1148 <0.000015>
14:27:51.546332 [    7fcce6976f33] epoll_wait(9, {{EPOLLIN|EPOLLOUT, {u32=3884588817, u64=140518034644753}}, {EPOLLOUT, {u32=3884586128, u64=140518034642064}}}, 512, 59625) = 2 <0.000013>

14:27:51.550200 [    7fcce696f20b] writev(13, [{"mumble"..., 4096}], 1) = 3176 <0.000015>
14:27:51.550297 [    7fcce6976f33] epoll_wait(9, {{EPOLLIN|EPOLLOUT, {u32=3884588240, u64=140518034644176}}, {EPOLLOUT, {u32=3884586320, u64=140518034642256}}}, 512, 59623) = 2 <0.000013>
14:27:51.550351 [    7fcce696b22a] sendfile(15, 16, [4849664], 2427736) = 147456 <0.000067>
14:27:51.550456 [    7fcce6976f33] epoll_wait(9, {{EPOLLOUT, {u32=3884586704, u64=140518034642640}}}, 512, 59695) = 1 <0.007068>

14:27:51.559377 [    7fcce696f20b] writev(11, [{"mumble"..., 4096}], 1) = 4028 <0.000017>
14:27:51.559469 [    7fcce6976f33] epoll_wait(9, {{EPOLLOUT, {u32=3884585936, u64=140518034641872}}, {EPOLLOUT, {u32=3884586897, u64=140518034642833}}, {EPOLLIN|EPOLLOUT, {u32=3884588817, u64=140518034644753}}}, 512, 59688) = 3 <0.000013>

14:27:51.563921 [    7fcce696f20b] writev(10, [{"mumble"..., 4096}], 1) = 1134 <0.000015>

14:27:51.568878 [    7fcce696f20b] writev(17, [{"mumble"..., 4096}], 1) = 2322 <0.000013>
14:27:51.568965 [    7fcce6976f33] epoll_wait(9, {{EPOLLIN|EPOLLOUT, {u32=3884589009, u64=140518034644945}}, {EPOLLOUT, {u32=3884585745, u64=140518034641681}}, {EPOLLOUT, {u32=3884585552, u64=140518034641488}}, {EPOLLIN|EPOLLOUT, {u32=3884588625, u64=140518034644561}}, {EPOLLOUT, {u32=3884586704, u64=140518034642640}}}, 512, 59686) = 5 <0.000012>
14:27:51.569024 [    7fcce696b22a] sendfile(31, 33, [638976], 4668680) = 245760 <0.000081>

14:27:51.572760 [    7fcce696f20b] writev(3, [{"mumble"..., 4096}], 1) = 1022 <0.000012>

14:27:51.574726 [    7fcce696f20b] writev(11, [{"mumble"..., 4096}], 1) = 2812 <0.000013>
14:27:51.574813 [    7fcce6976f33] epoll_wait(9, {{EPOLLIN|EPOLLOUT, {u32=3884586513, u64=140518034642449}}, {EPOLLOUT, {u32=3884587857, u64=140518034643793}}, {EPOLLIN|EPOLLOUT, {u32=3884588817, u64=140518034644753}}, {EPOLLOUT, {u32=3884588433, u64=140518034644369}}}, 512, 59676) = 4 <0.000012>
14:27:51.574869 [    7fcce696b22a] sendfile(24, 26, [5718016], 812000) = 196608 <0.005873>
14:27:51.580782 [    7fcce696b22a] sendfile(29, 32, [1916928], 3984368) = 147456 <0.010498>
14:27:51.591320 [    7fcce6976f33] epoll_wait(9, {{EPOLLOUT, {u32=3884586704, u64=140518034642640}}, {EPOLLOUT, {u32=3884586128, u64=140518034642064}}}, 512, 59767) = 2 <0.000012>

14:27:51.595868 [    7fcce696f20b] writev(11, [{"mumble"..., 4096}], 1) = 3020 <0.000015>

14:27:51.601266 [    7fcce696f20b] writev(13, [{"mumble"..., 4096}], 1) = 856 <0.000014>
14:27:51.601355 [    7fcce6976f33] epoll_wait(9, {{EPOLLIN|EPOLLOUT, {u32=3884588817, u64=140518034644753}}, {EPOLLOUT, {u32=3884585936, u64=140518034641872}}, {EPOLLIN|EPOLLOUT, {u32=3884588240, u64=140518034644176}}, {EPOLLOUT, {u32=3884586320, u64=140518034642256}}}, 512, 59750) = 4 <0.000012>

14:27:51.606151 [    7fcce696f20b] writev(10, [{"mumble"..., 4096}], 1) = 1512 <0.000015>
14:27:51.606244 [    7fcce696b22a] sendfile(15, 16, [4997120], 2280280) = 147456 <0.000067>
14:27:51.606346 [    7fcce6976f33] epoll_wait(9, {{EPOLLIN|EPOLLOUT, {u32=3884589009, u64=140518034644945}}, {EPOLLOUT, {u32=3884585745, u64=140518034641681}}}, 512, 59740) = 2 <0.000011>
14:27:51.606397 [    7fcce696b22a] sendfile(31, 33, [884736], 4422920) = 131072 <0.009233>
14:27:51.615667 [    7fcce6976f33] epoll_wait(9, {{EPOLLOUT, {u32=3884586704, u64=140518034642640}}, {EPOLLOUT, {u32=3884586897, u64=140518034642833}}}, 512, 59735) = 2 <0.000013>

14:27:51.618642 [    7fcce696f20b] writev(11, [{"mumble"..., 4096}], 1) = 3244 <0.000016>

14:27:51.623451 [    7fcce696f20b] writev(17, [{"mumble"..., 4096}], 1) = 4056 <0.000016>
14:27:51.623542 [    7fcce6976f33] epoll_wait(9, {{EPOLLIN|EPOLLOUT, {u32=3884588817, u64=140518034644753}}, {EPOLLOUT, {u32=3884588433, u64=140518034644369}}, {EPOLLIN|EPOLLOUT, {u32=3884588625, u64=140518034644561}}, {EPOLLOUT, {u32=3884587665, u64=140518034643601}}}, 512, 59726) = 4 <0.000013>
14:27:51.623602 [    7fcce696b22a] sendfile(29, 32, [2064384], 3836912) = 147456 <0.000068>
14:27:51.623706 [    7fcce696b22a] sendfile(27, 30, [1376256], 1410864) = 196608 <0.011969>
14:27:51.635710 [    7fcce6976f33] epoll_wait(9, {{EPOLLOUT, {u32=3884586704, u64=140518034642640}}, {EPOLLOUT, {u32=3884586128, u64=140518034642064}}, {EPOLLOUT, {u32=3884585552, u64=140518034641488}}}, 512, 59718) = 3 <0.000010>

14:27:51.639518 [    7fcce696f20b] writev(11, [{"mumble"..., 4096}], 1) = 238 <0.000015>

14:27:51.645746 [    7fcce696f20b] writev(13, [{"mumble"..., 4096}], 1) = 3174 <0.000015>

14:27:51.649788 [    7fcce696f20b] writev(3, [{"mumble"..., 4096}], 1) = 4070 <0.000014>
14:27:51.649881 [    7fcce6976f33] epoll_wait(9, {{EPOLLIN|EPOLLOUT, {u32=3884588817, u64=140518034644753}}, {EPOLLIN|EPOLLOUT, {u32=3884588240, u64=140518034644176}}, {EPOLLOUT, {u32=3884585936, u64=140518034641872}}, {EPOLLIN|EPOLLOUT, {u32=3884586513, u64=140518034642449}}}, 512, 59706) = 4 <0.000012>

14:27:51.654372 [    7fcce696f20b] writev(10, [{"mumble"..., 4096}], 1) = 1862 <0.000014>
14:27:51.654462 [    7fcce6976f33] epoll_wait(9, {{EPOLLIN|EPOLLOUT, {u32=3884589009, u64=140518034644945}}, {EPOLLOUT, {u32=3884586704, u64=140518034642640}}, {EPOLLOUT, {u32=3884587280, u64=140518034643216}}, {EPOLLOUT, {u32=3884586897, u64=140518034642833}}}, 512, 59692) = 4 <0.000012>

14:27:51.656275 [    7fcce696f20b] writev(11, [{"mumble"..., 4096}], 1) = 378 <0.000014>

14:27:51.658547 [    7fcce696f20b] writev(21, [{"mumble"..., 4096}], 1) = 2308 <0.000015>

14:27:51.660235 [    7fcce696f20b] writev(17, [{"mumble"..., 4096}], 1) = 2812 <0.000015>
14:27:51.660333 [    7fcce6976f33] epoll_wait(9, {{EPOLLIN|EPOLLOUT, {u32=3884588817, u64=140518034644753}}, {EPOLLOUT, {u32=3884588433, u64=140518034644369}}, {EPOLLIN|EPOLLOUT, {u32=3884587472, u64=140518034643408}}, {EPOLLIN|EPOLLOUT, {u32=3884588625, u64=140518034644561}}}, 512, 59725) = 4 <0.000013>
14:27:51.660395 [    7fcce696b22a] sendfile(29, 32, [2211840], 3689456) = 147456 <0.000068>
14:27:51.660500 [    7fcce6976f33] epoll_wait(9, {{EPOLLOUT, {u32=3884586704, u64=140518034642640}}}, 512, 59719) = 1 <0.003132>

14:27:51.665498 [    7fcce696f20b] writev(11, [{"mumble"..., 4096}], 1) = 3258 <0.000015>
14:27:51.665590 [    7fcce6976f33] epoll_wait(9, {{EPOLLIN|EPOLLOUT, {u32=3884588817, u64=140518034644753}}}, 512, 59716) = 1 <0.000012>
14:27:51.665640 [    7fcce6976f33] epoll_wait(9, {{EPOLLOUT, {u32=3884587280, u64=140518034643216}}}, 512, 59714) = 1 <0.002096>

14:27:51.670237 [    7fcce696f20b] writev(21, [{"mumble"..., 4096}], 1) = 1092 <0.000022>
14:27:51.670346 [    7fcce6976f33] epoll_wait(9, {{EPOLLOUT, {u32=3884587089, u64=140518034643025}}, {EPOLLIN|EPOLLOUT, {u32=3884587472, u64=140518034643408}}, {EPOLLOUT, {u32=3884586897, u64=140518034642833}}}, 512, 59712) = 3 <0.000018>
14:27:51.670418 [    7fcce696b22a] sendfile(25, 28, [1048576], 2354048) = 131072 <0.000086>

14:27:51.672967 [    7fcce696f20b] writev(17, [{"mumble"..., 4096}], 1) = 1596 <0.000021>
14:27:51.673076 [    7fcce6976f33] epoll_wait(9, {{EPOLLIN|EPOLLOUT, {u32=3884588625, u64=140518034644561}}, {EPOLLOUT, {u32=3884586128, u64=140518034642064}}}, 512, 59709) = 2 <0.000018>

14:27:51.679136 [    7fcce696f20b] writev(13, [{"mumble"..., 4096}], 1) = 812 <0.000022>
14:27:51.679246 [    7fcce6976f33] epoll_wait(9, {{EPOLLIN|EPOLLOUT, {u32=3884588240, u64=140518034644176}}, {EPOLLOUT, {u32=3884586320, u64=140518034642256}}, {EPOLLOUT, {u32=3884586704, u64=140518034642640}}}, 512, 59706) = 3 <0.000018>
14:27:51.679319 [    7fcce696b22a] sendfile(15, 16, [5144576], 2132824) = 245760 <0.004314>

14:27:51.687228 [    7fcce696f20b] writev(11, [{"mumble"..., 4096}], 1) = 2950 <0.000022>
14:27:51.687339 [    7fcce6976f33] epoll_wait(9, {{EPOLLOUT, {u32=3884587280, u64=140518034643216}}, {EPOLLOUT, {u32=3884586897, u64=140518034642833}}, {EPOLLIN|EPOLLOUT, {u32=3884588817, u64=140518034644753}}, {EPOLLOUT, {u32=3884585936, u64=140518034641872}}}, 512, 59700) = 4 <0.000018>

14:27:51.690896 [    7fcce696f20b] writev(21, [{"mumble"..., 4096}], 1) = 1316 <0.000023>

14:27:51.693852 [    7fcce696f20b] writev(17, [{"mumble"..., 4096}], 1) = 3148 <0.000023>

14:27:51.698794 [    7fcce696f20b] writev(10, [{"mumble"..., 4096}], 1) = 800 <0.000021>
14:27:51.698901 [    7fcce6976f33] epoll_wait(9, {{EPOLLIN|EPOLLOUT, {u32=3884587472, u64=140518034643408}}, {EPOLLIN|EPOLLOUT, {u32=3884588625, u64=140518034644561}}, {EPOLLOUT, {u32=3884587665, u64=140518034643601}}, {EPOLLIN|EPOLLOUT, {u32=3884589009, u64=140518034644945}}, {EPOLLOUT, {u32=3884585745, u64=140518034641681}}, {EPOLLOUT, {u32=3884586704, u64=140518034642640}}}, 512, 59692) = 6 <0.000018>
14:27:51.698982 [    7fcce696b22a] sendfile(27, 30, [1572864], 1214256) = 147456 <0.000081>
14:27:51.699113 [    7fcce696b22a] sendfile(31, 33, [1015808], 4291848) = 163840 <0.000080>

14:27:51.701863 [    7fcce696f20b] writev(11, [{"mumble"..., 4096}], 1) = 378 <0.000022>
14:27:51.701972 [    7fcce6976f33] epoll_wait(9, {{EPOLLIN|EPOLLOUT, {u32=3884588817, u64=140518034644753}}, {EPOLLOUT, {u32=3884586897, u64=140518034642833}}, {EPOLLOUT, {u32=3884588433, u64=140518034644369}}}, 512, 59681) = 3 <0.000018>

14:27:51.703786 [    7fcce696f20b] writev(17, [{"mumble"..., 4096}], 1) = 3260 <0.000022>
14:27:51.703901 [    7fcce696b22a] sendfile(29, 32, [2359296], 3542000) = 147456 <0.000077>
14:27:51.704027 [    7fcce6976f33] epoll_wait(9, {{EPOLLIN|EPOLLOUT, {u32=3884588625, u64=140518034644561}}}, 512, 59677) = 1 <0.000018>
14:27:51.704094 [    7fcce6976f33] epoll_wait(9, {{EPOLLOUT, {u32=3884587280, u64=140518034643216}}}, 512, 59675) = 1 <0.000868>

14:27:51.707410 [    7fcce696f20b] writev(21, [{"mumble"..., 4096}], 1) = 2840 <0.000023>
14:27:51.707521 [    7fcce6976f33] epoll_wait(9, {{EPOLLIN|EPOLLOUT, {u32=3884587472, u64=140518034643408}}, {EPOLLOUT, {u32=3884587089, u64=140518034643025}}}, 512, 59675) = 2 <0.000018>
14:27:51.707590 [    7fcce696b22a] sendfile(25, 28, [1179648], 2222976) = 131072 <0.000076>
14:27:51.707712 [    7fcce6976f33] epoll_wait(9, {{EPOLLOUT, {u32=3884585552, u64=140518034641488}}}, 512, 59672) = 1 <0.053981>

14:27:51.766881 [    7fcce696f20b] writev(3, [{"mumble"..., 4096}], 1) = 1638 <0.000015>
14:27:51.766976 [    7fcce6976f33] epoll_wait(9, {{EPOLLOUT, {u32=3884586128, u64=140518034642064}}, {EPOLLIN|EPOLLOUT, {u32=3884586513, u64=140518034642449}}, {EPOLLOUT, {u32=3884587857, u64=140518034643793}}, {EPOLLOUT, {u32=3884586897, u64=140518034642833}}}, 512, 59667) = 4 <0.000013>

14:27:51.772897 [    7fcce696f20b] writev(13, [{"mumble"..., 4096}], 1) = 1260 <0.000015>
14:27:51.772988 [    7fcce696b22a] sendfile(24, 26, [5914624], 615392) = 147456 <0.000074>

14:27:51.776041 [    7fcce696f20b] writev(17, [{"mumble"..., 4096}], 1) = 2950 <0.000015>
14:27:51.776132 [    7fcce6976f33] epoll_wait(9, {{EPOLLIN|EPOLLOUT, {u32=3884588240, u64=140518034644176}}, {EPOLLOUT, {u32=3884587280, u64=140518034643216}}, {EPOLLOUT, {u32=3884586320, u64=140518034642256}}, {EPOLLIN|EPOLLOUT, {u32=3884588625, u64=140518034644561}}}, 512, 59661) = 4 <0.000014>

14:27:51.780404 [    7fcce696f20b] writev(21, [{"mumble"..., 4096}], 1) = 308 <0.000015>
14:27:51.780495 [    7fcce696b22a] sendfile(15, 16, [5390336], 1887064) = 147456 <0.000071>
14:27:51.780602 [    7fcce6976f33] epoll_wait(9, {{EPOLLIN|EPOLLOUT, {u32=3884587472, u64=140518034643408}}}, 512, 59652) = 1 <0.000013>
14:27:51.780652 [    7fcce6976f33] epoll_wait(9, {{EPOLLOUT, {u32=3884586897, u64=140518034642833}}}, 512, 59648) = 1 <0.014130>

14:27:51.796332 [    7fcce696f20b] writev(17, [{"mumble"..., 4096}], 1) = 3062 <0.000016>
14:27:51.796429 [    7fcce6976f33] epoll_wait(9, {{EPOLLIN|EPOLLOUT, {u32=3884588625, u64=140518034644561}}}, 512, 59634) = 1 <0.000013>
14:27:51.796481 [    7fcce6976f33] epoll_wait(9, {{EPOLLOUT, {u32=3884587280, u64=140518034643216}}}, 512, 59632) = 1 <0.003676>

14:27:51.802622 [    7fcce696f20b] writev(21, [{"mumble"..., 4096}], 1) = 462 <0.000022>
14:27:51.802731 [    7fcce6976f33] epoll_wait(9, {{EPOLLOUT, {u32=3884586897, u64=140518034642833}}, {EPOLLIN|EPOLLOUT, {u32=3884587472, u64=140518034643408}}, {EPOLLOUT, {u32=3884587089, u64=140518034643025}}}, 512, 59628) = 3 <0.000019>

14:27:51.804988 [    7fcce696f20b] writev(17, [{"mumble"..., 4096}], 1) = 1832 <0.000022>
14:27:51.805098 [    7fcce696b22a] sendfile(25, 28, [1310720], 2091904) = 131072 <0.000108>
14:27:51.805256 [    7fcce6976f33] epoll_wait(9, {{EPOLLOUT, {u32=3884587665, u64=140518034643601}}, {EPOLLIN|EPOLLOUT, {u32=3884588625, u64=140518034644561}}, {EPOLLOUT, {u32=3884586128, u64=140518034642064}}}, 512, 59626) = 3 <0.000019>
14:27:51.805332 [    7fcce696b22a] sendfile(27, 30, [1720320], 1066800) = 147456 <0.000077>

14:27:51.811357 [    7fcce696f20b] writev(13, [{"mumble"..., 4096}], 1) = 1638 <0.000023>
14:27:51.811469 [    7fcce6976f33] epoll_wait(9, {{EPOLLIN|EPOLLOUT, {u32=3884588240, u64=140518034644176}}}, 512, 59623) = 1 <0.000018>
14:27:51.811536 [    7fcce6976f33] epoll_wait(9, {{EPOLLOUT, {u32=3884587280, u64=140518034643216}}}, 512, 59617) = 1 <0.000544>

14:27:51.814324 [    7fcce696f20b] writev(21, [{"mumble"..., 4096}], 1) = 3342 <0.000024>
14:27:51.814441 [    7fcce6976f33] epoll_wait(9, {{EPOLLOUT, {u32=3884586897, u64=140518034642833}}, {EPOLLIN|EPOLLOUT, {u32=3884587472, u64=140518034643408}}}, 512, 59616) = 2 <0.000018>

14:27:51.816686 [    7fcce696f20b] writev(17, [{"mumble"..., 4096}], 1) = 1972 <0.000022>
14:27:51.816802 [    7fcce6976f33] epoll_wait(9, {{EPOLLIN|EPOLLOUT, {u32=3884588625, u64=140518034644561}}, {EPOLLOUT, {u32=3884586704, u64=140518034642640}}}, 512, 59614) = 2 <0.000018>

14:27:51.819197 [    7fcce696f20b] writev(11, [{"mumble"..., 4096}], 1) = 1902 <0.000019>
14:27:51.819300 [    7fcce6976f33] epoll_wait(9, {{EPOLLIN|EPOLLOUT, {u32=3884588817, u64=140518034644753}}}, 512, 59612) = 1 <0.000014>
14:27:51.819362 [    7fcce6976f33] epoll_wait(9, {{EPOLLOUT, {u32=3884587280, u64=140518034643216}}}, 512, 59609) = 1 <0.019870>

14:27:51.841631 [    7fcce696f20b] writev(21, [{"mumble"..., 4096}], 1) = 2126 <0.000019>
14:27:51.841733 [    7fcce6976f33] epoll_wait(9, {{EPOLLIN|EPOLLOUT, {u32=3884587472, u64=140518034643408}}}, 512, 59589) = 1 <0.000015>
14:27:51.841796 [    7fcce6976f33] epoll_wait(9, {{EPOLLOUT, {u32=3884587280, u64=140518034643216}}}, 512, 59587) = 1 <0.013441>

14:27:51.857789 [    7fcce696f20b] writev(21, [{"mumble"..., 4096}], 1) = 910 <0.000025>
14:27:51.857914 [    7fcce6976f33] epoll_wait(9, {{EPOLLOUT, {u32=3884586897, u64=140518034642833}}, {EPOLLIN|EPOLLOUT, {u32=3884587472, u64=140518034643408}}, {EPOLLOUT, {u32=3884586704, u64=140518034642640}}, {EPOLLOUT, {u32=3884587089, u64=140518034643025}}, {EPOLLOUT, {u32=3884585936, u64=140518034641872}}}, 512, 59573) = 5 <0.000020>

14:27:51.862185 [    7fcce696f20b] writev(17, [{"mumble"..., 4096}], 1) = 2238 <0.000022>

14:27:51.865992 [    7fcce696f20b] writev(11, [{"mumble"..., 4096}], 1) = 1594 <0.000022>
14:27:51.866102 [    7fcce696b22a] sendfile(25, 28, [1441792], 1960832) = 131072 <0.000078>

14:27:51.872820 [    7fcce696f20b] writev(10, [{"mumble"..., 4096}], 1) = 2590 <0.000023>
14:27:51.872930 [    7fcce6976f33] epoll_wait(9, {{EPOLLIN|EPOLLOUT, {u32=3884588625, u64=140518034644561}}, {EPOLLIN|EPOLLOUT, {u32=3884588817, u64=140518034644753}}, {EPOLLIN|EPOLLOUT, {u32=3884589009, u64=140518034644945}}, {EPOLLOUT, {u32=3884587280, u64=140518034643216}}, {EPOLLOUT, {u32=3884585745, u64=140518034641681}}}, 512, 59571) = 5 <0.000019>

14:27:51.876479 [    7fcce696f20b] writev(21, [{"mumble"..., 4096}], 1) = 1134 <0.000026>
14:27:51.876594 [    7fcce696b22a] sendfile(31, 33, [1179648], 4128008) = 131072 <0.000079>
14:27:51.876721 [    7fcce6976f33] epoll_wait(9, {{EPOLLIN|EPOLLOUT, {u32=3884587472, u64=140518034643408}}, {EPOLLOUT, {u32=3884586704, u64=140518034642640}}}, 512, 59556) = 2 <0.000018>

14:27:51.879258 [    7fcce696f20b] writev(11, [{"mumble"..., 4096}], 1) = 1748 <0.000023>
14:27:51.879369 [    7fcce6976f33] epoll_wait(9, {{EPOLLOUT, {u32=3884585552, u64=140518034641488}}, {EPOLLOUT, {u32=3884588433, u64=140518034644369}}, {EPOLLIN|EPOLLOUT, {u32=3884588817, u64=140518034644753}}}, 512, 59552) = 3 <0.000018>

14:27:51.884050 [    7fcce696f20b] writev(3, [{"mumble"..., 4096}], 1) = 1932 <0.000022>
14:27:51.884164 [    7fcce696b22a] sendfile(29, 32, [2506752], 3394544) = 147456 <0.000078>
14:27:51.884294 [    7fcce6976f33] epoll_wait(9, {{EPOLLIN|EPOLLOUT, {u32=3884586513, u64=140518034642449}}, {EPOLLOUT, {u32=3884587280, u64=140518034643216}}}, 512, 59671) = 2 <0.000019>

14:27:51.886562 [    7fcce696f20b] writev(21, [{"mumble"..., 4096}], 1) = 2644 <0.000026>
14:27:51.886676 [    7fcce6976f33] epoll_wait(9, {{EPOLLIN|EPOLLOUT, {u32=3884587472, u64=140518034643408}}, {EPOLLOUT, {u32=3884587089, u64=140518034643025}}}, 512, 59666) = 2 <0.000018>
14:27:51.886746 [    7fcce696b22a] sendfile(25, 28, [1572864], 1829760) = 98304 <0.000035>
14:27:51.886827 [    7fcce6976f33] epoll_wait(9, {{EPOLLOUT, {u32=3884586704, u64=140518034642640}}}, 512, 59664) = 1 <0.002162>

14:27:51.891482 [    7fcce696f20b] writev(11, [{"mumble"..., 4096}], 1) = 532 <0.000015>
14:27:51.891573 [    7fcce6976f33] epoll_wait(9, {{EPOLLIN|EPOLLOUT, {u32=3884588817, u64=140518034644753}}}, 512, 59661) = 1 <0.000013>
14:27:51.891624 [    7fcce6976f33] epoll_wait(9, {{EPOLLOUT, {u32=3884587280, u64=140518034643216}}}, 512, 59659) = 1 <0.002444>

14:27:51.896339 [    7fcce696f20b] writev(21, [{"mumble"..., 4096}], 1) = 1428 <0.000020>
14:27:51.896446 [    7fcce6976f33] epoll_wait(9, {{EPOLLIN|EPOLLOUT, {u32=3884587472, u64=140518034643408}}}, 512, 59656) = 1 <0.000014>
14:27:51.896504 [    7fcce6976f33] epoll_wait(9, {{EPOLLOUT, {u32=3884586128, u64=140518034642064}}}, 512, 59654) = 1 <0.000015>

14:27:51.901120 [    7fcce696f20b] writev(13, [{"mumble"..., 4096}], 1) = 576 <0.000020>
14:27:51.901223 [    7fcce6976f33] epoll_wait(9, {{EPOLLIN|EPOLLOUT, {u32=3884588240, u64=140518034644176}}, {EPOLLOUT, {u32=3884587665, u64=140518034643601}}, {EPOLLOUT, {u32=3884586320, u64=140518034642256}}, {EPOLLOUT, {u32=3884586704, u64=140518034642640}}, {EPOLLOUT, {u32=3884585936, u64=140518034641872}}}, 512, 59654) = 5 <0.000015>
14:27:51.901293 [    7fcce696b22a] sendfile(27, 30, [1867776], 919344) = 147456 <0.000077>
14:27:51.901414 [    7fcce696b22a] sendfile(15, 16, [5537792], 1739608) = 147456 <0.000076>

14:27:51.904834 [    7fcce696f20b] writev(11, [{"mumble"..., 4096}], 1) = 756 <0.000019>

14:27:51.910649 [    7fcce696f20b] writev(10, [{"mumble"..., 4096}], 1) = 228 <0.000019>
14:27:51.910751 [    7fcce6976f33] epoll_wait(9, {{EPOLLIN|EPOLLOUT, {u32=3884588817, u64=140518034644753}}, {EPOLLOUT, {u32=3884587280, u64=140518034643216}}, {EPOLLIN|EPOLLOUT, {u32=3884589009, u64=140518034644945}}, {EPOLLOUT, {u32=3884585745, u64=140518034641681}}}, 512, 59673) = 4 <0.000014>

14:27:51.914070 [    7fcce696f20b] writev(21, [{"mumble"..., 4096}], 1) = 1652 <0.000030>
14:27:51.914185 [    7fcce696b22a] sendfile(31, 33, [1310720], 3996936) = 131072 <0.000078>
14:27:51.914307 [    7fcce6976f33] epoll_wait(9, {{EPOLLIN|EPOLLOUT, {u32=3884587472, u64=140518034643408}}, {EPOLLOUT, {u32=3884587089, u64=140518034643025}}}, 512, 59664) = 2 <0.000014>
14:27:51.914370 [    7fcce696b22a] sendfile(25, 28, [1671168], 1731456) = 98304 <0.000071>
14:27:51.914484 [    7fcce6976f33] epoll_wait(9, {{EPOLLOUT, {u32=3884586704, u64=140518034642640}}}, 512, 59660) = 1 <0.000779>

14:27:51.917193 [    7fcce696f20b] writev(11, [{"mumble"..., 4096}], 1) = 3636 <0.000015>
14:27:51.917285 [    7fcce6976f33] epoll_wait(9, {{EPOLLOUT, {u32=3884588433, u64=140518034644369}}, {EPOLLIN|EPOLLOUT, {u32=3884588817, u64=140518034644753}}}, 512, 59659) = 2 <0.000013>
14:27:51.917344 [    7fcce696b22a] sendfile(29, 32, [2654208], 3247088) = 147456 <0.000070>
14:27:51.917451 [    7fcce6976f33] epoll_wait(9, {{EPOLLOUT, {u32=3884586897, u64=140518034642833}}}, 512, 59657) = 1 <0.004493>

14:27:51.926181 [    7fcce696f20b] writev(17, [{"mumble"..., 4096}], 1) = 2518 <0.000015>
14:27:51.926278 [    7fcce6976f33] epoll_wait(9, {{EPOLLOUT, {u32=3884587280, u64=140518034643216}}, {EPOLLIN|EPOLLOUT, {u32=3884588625, u64=140518034644561}}, {EPOLLOUT, {u32=3884585552, u64=140518034641488}}}, 512, 59653) = 3 <0.000014>

14:27:51.929161 [    7fcce696f20b] writev(21, [{"mumble"..., 4096}], 1) = 492 <0.000015>

14:27:51.934028 [    7fcce696f20b] writev(3, [{"mumble"..., 4096}], 1) = 926 <0.000015>
14:27:51.934120 [    7fcce6976f33] epoll_wait(9, {{EPOLLIN|EPOLLOUT, {u32=3884587472, u64=140518034643408}}, {EPOLLOUT, {u32=3884586704, u64=140518034642640}}, {EPOLLIN|EPOLLOUT, {u32=3884586513, u64=140518034642449}}, {EPOLLOUT, {u32=3884587857, u64=140518034643793}}}, 512, 59648) = 4 <0.000013>

14:27:51.936192 [    7fcce696f20b] writev(11, [{"mumble"..., 4096}], 1) = 2420 <0.000016>
14:27:51.936285 [    7fcce696b22a] sendfile(24, 26, [6062080], 467936) = 196608 <0.005462>
14:27:51.941791 [    7fcce6976f33] epoll_wait(9, {{EPOLLIN|EPOLLOUT, {u32=3884588817, u64=140518034644753}}, {EPOLLOUT, {u32=3884586128, u64=140518034642064}}}, 512, 59715) = 2 <0.000013>

14:27:51.946105 [    7fcce696f20b] writev(13, [{"mumble"..., 4096}], 1) = 898 <0.000016>
14:27:51.946197 [    7fcce6976f33] epoll_wait(9, {{EPOLLIN|EPOLLOUT, {u32=3884588240, u64=140518034644176}}}, 512, 59708) = 1 <0.000013>
14:27:51.946248 [    7fcce6976f33] epoll_wait(9, {{EPOLLOUT, {u32=3884585936, u64=140518034641872}}}, 512, 59703) = 1 <0.004533>

14:27:51.955505 [    7fcce696f20b] writev(10, [{"mumble"..., 4096}], 1) = 550 <0.000014>
14:27:51.955596 [    7fcce6976f33] epoll_wait(9, {{EPOLLOUT, {u32=3884587280, u64=140518034643216}}, {EPOLLOUT, {u32=3884586704, u64=140518034642640}}, {EPOLLIN|EPOLLOUT, {u32=3884589009, u64=140518034644945}}}, 512, 59704) = 3 <0.000013>

14:27:51.957986 [    7fcce696f20b] writev(21, [{"mumble"..., 4096}], 1) = 2044 <0.000016>

14:27:51.960036 [    7fcce696f20b] writev(11, [{"mumble"..., 4096}], 1) = 1204 <0.000015>
14:27:51.960127 [    7fcce6976f33] epoll_wait(9, {{EPOLLIN|EPOLLOUT, {u32=3884587472, u64=140518034643408}}, {EPOLLOUT, {u32=3884587089, u64=140518034643025}}, {EPOLLIN|EPOLLOUT, {u32=3884588817, u64=140518034644753}}}, 512, 59699) = 3 <0.000013>
14:27:51.960184 [    7fcce696b22a] sendfile(25, 28, [1769472], 1633152) = 131072 <0.000074>
14:27:51.960293 [    7fcce6976f33] epoll_wait(9, {{EPOLLOUT, {u32=3884586704, u64=140518034642640}}}, 512, 59694) = 1 <0.009333>

14:27:51.971626 [    7fcce696f20b] writev(11, [{"mumble"..., 4096}], 1) = 1358 <0.000013>
14:27:51.971713 [    7fcce6976f33] epoll_wait(9, {{EPOLLOUT, {u32=3884587280, u64=140518034643216}}, {EPOLLIN|EPOLLOUT, {u32=3884588817, u64=140518034644753}}, {EPOLLOUT, {u32=3884588433, u64=140518034644369}}}, 512, 59685) = 3 <0.000012>

14:27:51.974018 [    7fcce696f20b] writev(21, [{"mumble"..., 4096}], 1) = 3596 <0.000014>
14:27:51.974105 [    7fcce696b22a] sendfile(29, 32, [2801664], 3099632) = 147456 <0.000069>
14:27:51.974208 [    7fcce6976f33] epoll_wait(9, {{EPOLLIN|EPOLLOUT, {u32=3884587472, u64=140518034643408}}}, 512, 59683) = 1 <0.000011>
14:27:51.974254 [    7fcce6976f33] epoll_wait(9, {{EPOLLOUT, {u32=3884586320, u64=140518034642256}}}, 512, 59680) = 1 <0.004545>
14:27:51.978841 [    7fcce696b22a] sendfile(15, 16, [5685248], 1592152) = 147456 <0.000071>
14:27:51.978952 [    7fcce6976f33] epoll_wait(9, {{EPOLLOUT, {u32=3884586704, u64=140518034642640}}}, 512, 59676) = 1 <0.002007>

14:27:51.983196 [    7fcce696f20b] writev(11, [{"mumble"..., 4096}], 1) = 1526 <0.000015>
14:27:51.983287 [    7fcce6976f33] epoll_wait(9, {{EPOLLIN|EPOLLOUT, {u32=3884588817, u64=140518034644753}}}, 512, 59674) = 1 <0.000013>
14:27:51.983338 [    7fcce6976f33] epoll_wait(9, {{EPOLLOUT, {u32=3884585552, u64=140518034641488}}}, 512, 59671) = 1 <0.007884>

14:27:51.996046 [    7fcce696f20b] writev(3, [{"mumble"..., 4096}], 1) = 1290 <0.000014>
14:27:51.996137 [    7fcce6976f33] epoll_wait(9, {{EPOLLOUT, {u32=3884587280, u64=140518034643216}}, {EPOLLOUT, {u32=3884585936, u64=140518034641872}}, {EPOLLOUT, {u32=3884586128, u64=140518034642064}}, {EPOLLIN|EPOLLOUT, {u32=3884586513, u64=140518034642449}}, {EPOLLOUT, {u32=3884587857, u64=140518034643793}}}, 512, 59663) = 5 <0.000014>

14:27:51.999135 [    7fcce696f20b] writev(21, [{"mumble"..., 4096}], 1) = 3820 <0.000016>

14:27:52.001051 [    7fcce696f20b] writev(10, [{"mumble"..., 4096}], 1) = 3430 <0.000015>

14:27:52.005765 [    7fcce696f20b] writev(13, [{"mumble"..., 4096}], 1) = 3988 <0.000017>
14:27:52.005870 [    7fcce696b22a] sendfile(24, 26, [6258688], 271328) = 147456 <0.000036>
14:27:52.005943 [    7fcce6976f33] epoll_wait(9, {{EPOLLIN|EPOLLOUT, {u32=3884587472, u64=140518034643408}}, {EPOLLOUT, {u32=3884587089, u64=140518034643025}}, {EPOLLIN|EPOLLOUT, {u32=3884589009, u64=140518034644945}}, {EPOLLOUT, {u32=3884586704, u64=140518034642640}}, {EPOLLOUT, {u32=3884585745, u64=140518034641681}}, {EPOLLIN|EPOLLOUT, {u32=3884588240, u64=140518034644176}}, {EPOLLOUT, {u32=3884586897, u64=140518034642833}}, {EPOLLOUT, {u32=3884587280, u64=140518034643216}}}, 512, 59658) = 8 <0.000014>
14:27:52.006025 [    7fcce696b22a] sendfile(25, 28, [1900544], 1502080) = 131072 <0.000070>

14:27:52.009074 [    7fcce696f20b] writev(11, [{"mumble"..., 4096}], 1) = 1750 <0.000015>
14:27:52.009164 [    7fcce696b22a] sendfile(31, 33, [1441792], 3865864) = 131072 <0.000067>

14:27:52.013902 [    7fcce696f20b] writev(17, [{"mumble"..., 4096}], 1) = 1498 <0.000015>

14:27:52.016679 [    7fcce696f20b] writev(21, [{"mumble"..., 4096}], 1) = 4030 <0.000015>
14:27:52.016769 [    7fcce6976f33] epoll_wait(9, {{EPOLLIN|EPOLLOUT, {u32=3884588817, u64=140518034644753}}, {EPOLLIN|EPOLLOUT, {u32=3884588625, u64=140518034644561}}, {EPOLLOUT, {u32=3884587665, u64=140518034643601}}, {EPOLLIN|EPOLLOUT, {u32=3884587472, u64=140518034643408}}}, 512, 59692) = 4 <0.000014>
14:27:52.016830 [    7fcce696b22a] sendfile(27, 30, [2015232], 771888) = 196608 <0.006915>
14:27:52.023787 [    7fcce6976f33] epoll_wait(9, {{EPOLLOUT, {u32=3884586704, u64=140518034642640}}}, 512, 59691) = 1 <0.000014>

14:27:52.026334 [    7fcce696f20b] writev(11, [{"mumble"..., 4096}], 1) = 576 <0.000014>
14:27:52.026423 [    7fcce6976f33] epoll_wait(9, {{EPOLLOUT, {u32=3884588433, u64=140518034644369}}, {EPOLLIN|EPOLLOUT, {u32=3884588817, u64=140518034644753}}}, 512, 59684) = 2 <0.000012>
14:27:52.026474 [    7fcce696b22a] sendfile(29, 32, [2949120], 2952176) = 196608 <0.006122>
14:27:52.032635 [    7fcce6976f33] epoll_wait(9, {{EPOLLOUT, {u32=3884587280, u64=140518034643216}}}, 512, 59681) = 1 <0.000010>

14:27:52.035595 [    7fcce696f20b] writev(21, [{"mumble"..., 4096}], 1) = 158 <0.000011>
14:27:52.035678 [    7fcce6976f33] epoll_wait(9, {{EPOLLIN|EPOLLOUT, {u32=3884587472, u64=140518034643408}}, {EPOLLOUT, {u32=3884587089, u64=140518034643025}}}, 512, 59675) = 2 <0.000010>
14:27:52.035726 [    7fcce696b22a] sendfile(25, 28, [2031616], 1371008) = 131072 <0.000063>
14:27:52.035822 [    7fcce6976f33] epoll_wait(9, {{EPOLLOUT, {u32=3884586704, u64=140518034642640}}}, 512, 59726) = 1 <0.004413>

14:27:52.041855 [    7fcce696f20b] writev(11, [{"mumble"..., 4096}], 1) = 2072 <0.000014>
14:27:52.041942 [    7fcce6976f33] epoll_wait(9, {{EPOLLIN|EPOLLOUT, {u32=3884588817, u64=140518034644753}}}, 512, 59721) = 1 <0.000011>
14:27:52.041988 [    7fcce6976f33] epoll_wait(9, {{EPOLLOUT, {u32=3884586128, u64=140518034642064}}}, 512, 59720) = 1 <0.001412>

14:27:52.048034 [    7fcce696f20b] writev(13, [{"mumble"..., 4096}], 1) = 2940 <0.000014>
14:27:52.048124 [    7fcce6976f33] epoll_wait(9, {{EPOLLIN|EPOLLOUT, {u32=3884588240, u64=140518034644176}}, {EPOLLOUT, {u32=3884586320, u64=140518034642256}}}, 512, 59718) = 2 <0.000012>
14:27:52.048178 [    7fcce696b22a] sendfile(15, 16, [5832704], 1444696) = 147456 <0.000077>
14:27:52.048297 [    7fcce6976f33] epoll_wait(9, {{EPOLLOUT, {u32=3884587280, u64=140518034643216}}}, 512, 59713) = 1 <0.012385>

14:27:52.062918 [    7fcce696f20b] writev(21, [{"mumble"..., 4096}], 1) = 3038 <0.000023>
14:27:52.063027 [    7fcce6976f33] epoll_wait(9, {{EPOLLOUT, {u32=3884586704, u64=140518034642640}}, {EPOLLIN|EPOLLOUT, {u32=3884587472, u64=140518034643408}}}, 512, 59701) = 2 <0.000018>

14:27:52.066586 [    7fcce696f20b] writev(11, [{"mumble"..., 4096}], 1) = 926 <0.000023>
14:27:52.066696 [    7fcce6976f33] epoll_wait(9, {{EPOLLIN|EPOLLOUT, {u32=3884588817, u64=140518034644753}}}, 512, 59698) = 1 <0.000017>
14:27:52.066762 [    7fcce6976f33] epoll_wait(9, {{EPOLLOUT, {u32=3884585552, u64=140518034641488}}}, 512, 59695) = 1 <0.001931>

14:27:52.072781 [    7fcce696f20b] writev(3, [{"mumble"..., 4096}], 1) = 2982 <0.000012>
14:27:52.072869 [    7fcce6976f33] epoll_wait(9, {{EPOLLIN|EPOLLOUT, {u32=3884586513, u64=140518034642449}}}, 512, 59708) = 1 <0.000011>
14:27:52.072915 [    7fcce6976f33] epoll_wait(9, {{EPOLLOUT, {u32=3884586704, u64=140518034642640}}}, 512, 59704) = 1 <0.005544>

14:27:52.079929 [    7fcce696f20b] writev(11, [{"mumble"..., 4096}], 1) = 3778 <0.000022>
14:27:52.080028 [    7fcce6976f33] epoll_wait(9, {{EPOLLOUT, {u32=3884586897, u64=140518034642833}}}, 512, 59698) = 1 <0.004150>

14:27:52.088388 [    7fcce696f20b] writev(17, [{"mumble"..., 4096}], 1) = 436 <0.000014>
14:27:52.088479 [    7fcce6976f33] epoll_wait(9, {{EPOLLIN|EPOLLOUT, {u32=3884588625, u64=140518034644561}}, {EPOLLOUT, {u32=3884587280, u64=140518034643216}}}, 512, 59692) = 2 <0.000021>

14:27:52.092275 [    7fcce696f20b] writev(21, [{"mumble"..., 4096}], 1) = 3318 <0.000016>
14:27:52.092367 [    7fcce6976f33] epoll_wait(9, {{EPOLLIN|EPOLLOUT, {u32=3884587472, u64=140518034643408}}, {EPOLLOUT, {u32=3884586704, u64=140518034642640}}, {EPOLLOUT, {u32=3884587089, u64=140518034643025}}}, 512, 59717) = 3 <0.000014>

14:27:52.094261 [    7fcce696f20b] writev(11, [{"mumble"..., 4096}], 1) = 3918 <0.000016>
14:27:52.094354 [    7fcce696b22a] sendfile(25, 28, [2162688], 1239936) = 98304 <0.000064>
14:27:52.094454 [    7fcce6976f33] epoll_wait(9, {{EPOLLIN|EPOLLOUT, {u32=3884588817, u64=140518034644753}}, {EPOLLOUT, {u32=3884588433, u64=140518034644369}}}, 512, 59713) = 2 <0.000014>
14:27:52.094509 [    7fcce696b22a] sendfile(29, 32, [3145728], 2755568) = 147456 <0.000066>
14:27:52.094611 [    7fcce6976f33] epoll_wait(9, {{EPOLLOUT, {u32=3884586704, u64=140518034642640}}}, 512, 59711) = 1 <0.006001>

14:27:52.102139 [    7fcce696f20b] writev(11, [{"mumble"..., 4096}], 1) = 4030 <0.000016>
14:27:52.102231 [    7fcce6976f33] epoll_wait(9, {{EPOLLIN|EPOLLOUT, {u32=3884588817, u64=140518034644753}}}, 512, 59705) = 1 <0.000013>
14:27:52.102282 [    7fcce6976f33] epoll_wait(9, {{EPOLLOUT, {u32=3884586128, u64=140518034642064}}}, 512, 59703) = 1 <0.001453>

14:27:52.107905 [    7fcce696f20b] writev(13, [{"mumble"..., 4096}], 1) = 3234 <0.000014>
14:27:52.107992 [    7fcce6976f33] epoll_wait(9, {{EPOLLIN|EPOLLOUT, {u32=3884588240, u64=140518034644176}}}, 512, 59702) = 1 <0.000011>
14:27:52.108041 [    7fcce6976f33] epoll_wait(9, {{EPOLLOUT, {u32=3884585552, u64=140518034641488}}}, 512, 59764) = 1 <0.001280>

14:27:52.113428 [    7fcce696f20b] writev(3, [{"mumble"..., 4096}], 1) = 550 <0.000014>
14:27:52.113518 [    7fcce6976f33] epoll_wait(9, {{EPOLLIN|EPOLLOUT, {u32=3884586513, u64=140518034642449}}, {EPOLLOUT, {u32=3884586704, u64=140518034642640}}, {EPOLLOUT, {u32=3884587857, u64=140518034643793}}}, 512, 59763) = 3 <0.000013>

14:27:52.115939 [    7fcce696f20b] writev(11, [{"mumble"..., 4096}], 1) = 2842 <0.000022>
14:27:52.116038 [    7fcce696b22a] sendfile(24, 26, [6406144], 123872) = 123872 <0.000030>
14:27:52.116105 [    7fcce6977b27] shutdown(24, 1 /* send */) = 0 <0.000013>
14:27:52.116151 [    7fcce74c3102] recvfrom(24, 0x7fffe1122a80, 4096, 0, 0, 0) = -1 EAGAIN (Resource temporarily unavailable) <0.000013>
14:27:52.116202 [    7fcce6976f33] epoll_wait(9, {{EPOLLIN|EPOLLOUT, {u32=3884588817, u64=140518034644753}}, {EPOLLOUT, {u32=3884587857, u64=140518034643793}}}, 512, 5000) = 2 <0.000013>
14:27:52.116255 [    7fcce6976f33] epoll_wait(9, {{EPOLLOUT, {u32=3884586704, u64=140518034642640}}}, 512, 4997) = 1 <0.010354>

14:27:52.128687 [    7fcce696f20b] writev(11, [{"mumble"..., 4096}], 1) = 256 <0.000014>
14:27:52.128777 [    7fcce6976f33] epoll_wait(9, {{EPOLLOUT, {u32=3884586897, u64=140518034642833}}, {EPOLLIN|EPOLLOUT, {u32=3884588817, u64=140518034644753}}, {EPOLLOUT, {u32=3884588433, u64=140518034644369}}}, 512, 4987) = 3 <0.000013>

14:27:52.132707 [    7fcce696f20b] writev(17, [{"mumble"..., 4096}], 1) = 730 <0.000014>
14:27:52.132798 [    7fcce696b22a] sendfile(29, 32, [3293184], 2608112) = 147456 <0.000075>
14:27:52.132908 [    7fcce6976f33] epoll_wait(9, {{EPOLLIN|EPOLLOUT, {u32=3884588625, u64=140518034644561}}, {EPOLLOUT, {u32=3884587665, u64=140518034643601}}}, 512, 4985) = 2 <0.000013>
14:27:52.132962 [    7fcce696b22a] sendfile(27, 30, [2211840], 575280) = 147456 <0.000066>
14:27:52.133064 [    7fcce6976f33] epoll_wait(9, {{EPOLLOUT, {u32=3884587280, u64=140518034643216}}}, 512, 4981) = 1 <0.006760>

14:27:52.144902 [    7fcce696f20b] writev(21, [{"mumble"..., 4096}], 1) = 3640 <0.000023>
14:27:52.145014 [    7fcce6976f33] epoll_wait(9, {{EPOLLIN|EPOLLOUT, {u32=3884587472, u64=140518034643408}}, {EPOLLOUT, {u32=3884587089, u64=140518034643025}}, {EPOLLOUT, {u32=3884586704, u64=140518034642640}}}, 512, 4974) = 3 <0.000019>
14:27:52.145111 [    7fcce696b22a] sendfile(25, 28, [2260992], 1141632) = 98304 <0.000075>

14:27:52.147489 [    7fcce696f20b] writev(11, [{"mumble"..., 4096}], 1) = 396 <0.000022>
14:27:52.147598 [    7fcce6976f33] epoll_wait(9, {{EPOLLIN|EPOLLOUT, {u32=3884588817, u64=140518034644753}}, {EPOLLOUT, {u32=3884586128, u64=140518034642064}}}, 512, 4968) = 2 <0.000018>

14:27:52.152232 [    7fcce696f20b] writev(13, [{"mumble"..., 4096}], 1) = 788 <0.000022>
14:27:52.152341 [    7fcce6976f33] epoll_wait(9, {{EPOLLIN|EPOLLOUT, {u32=3884588240, u64=140518034644176}}, {EPOLLOUT, {u32=3884586320, u64=140518034642256}}}, 512, 4966) = 2 <0.000018>
14:27:52.152410 [    7fcce696b22a] sendfile(15, 16, [5980160], 1297240) = 196608 <0.004648>
14:27:52.157109 [    7fcce6976f33] epoll_wait(9, {{EPOLLOUT, {u32=3884585552, u64=140518034641488}}}, 512, 4961) = 1 <0.000019>

14:27:52.161837 [    7fcce696f20b] writev(3, [{"mumble"..., 4096}], 1) = 3584 <0.000023>
14:27:52.161956 [    7fcce6976f33] epoll_wait(9, {{EPOLLIN|EPOLLOUT, {u32=3884586513, u64=140518034642449}}, {EPOLLOUT, {u32=3884586704, u64=140518034642640}}}, 512, 4956) = 2 <0.000018>

14:27:52.164191 [    7fcce696f20b] writev(11, [{"mumble"..., 4096}], 1) = 1906 <0.000023>
14:27:52.164300 [    7fcce6976f33] epoll_wait(9, {{EPOLLIN|EPOLLOUT, {u32=3884588817, u64=140518034644753}}}, 512, 4951) = 1 <0.000018>
14:27:52.164366 [    7fcce6976f33] epoll_wait(9, {{EPOLLOUT, {u32=3884587280, u64=140518034643216}}}, 512, 4949) = 1 <0.005515>

14:27:52.175539 [    7fcce696f20b] writev(21, [{"mumble"..., 4096}], 1) = 4004 <0.000023>
14:27:52.175653 [    7fcce6976f33] epoll_wait(9, {{EPOLLIN|EPOLLOUT, {u32=3884587472, u64=140518034643408}}, {EPOLLOUT, {u32=3884587089, u64=140518034643025}}}, 512, 4944) = 2 <0.000018>
14:27:52.175723 [    7fcce696b22a] sendfile(25, 28, [2359296], 1043328) = 98304 <0.000036>
14:27:52.175805 [    7fcce6976f33] epoll_wait(9, {{EPOLLOUT, {u32=3884586704, u64=140518034642640}}}, 512, 4938) = 1 <0.000587>

14:27:52.178929 [    7fcce696f20b] writev(11, [{"mumble"..., 4096}], 1) = 2060 <0.000015>
14:27:52.179021 [    7fcce6976f33] epoll_wait(9, {{EPOLLOUT, {u32=3884586897, u64=140518034642833}}, {EPOLLIN|EPOLLOUT, {u32=3884588817, u64=140518034644753}}}, 512, 4937) = 2 <0.000013>

14:27:52.183069 [    7fcce696f20b] writev(17, [{"mumble"..., 4096}], 1) = 1038 <0.000014>
14:27:52.183160 [    7fcce6976f33] epoll_wait(9, {{EPOLLIN|EPOLLOUT, {u32=3884588625, u64=140518034644561}}}, 512, 4934) = 1 <0.000013>
14:27:52.183210 [    7fcce6976f33] epoll_wait(9, {{EPOLLOUT, {u32=3884586128, u64=140518034642064}}}, 512, 4930) = 1 <0.006948>

14:27:52.194654 [    7fcce696f20b] writev(13, [{"mumble"..., 4096}], 1) = 1082 <0.000013>
14:27:52.194742 [    7fcce6976f33] epoll_wait(9, {{EPOLLOUT, {u32=3884586704, u64=140518034642640}}, {EPOLLIN|EPOLLOUT, {u32=3884588240, u64=140518034644176}}}, 512, 4923) = 2 <0.000012>

14:27:52.197807 [    7fcce696f20b] writev(11, [{"mumble"..., 4096}], 1) = 928 <0.000013>
14:27:52.197895 [    7fcce6976f33] epoll_wait(9, {{EPOLLOUT, {u32=3884588433, u64=140518034644369}}, {EPOLLIN|EPOLLOUT, {u32=3884588817, u64=140518034644753}}}, 512, 4919) = 2 <0.000011>
14:27:52.197946 [    7fcce696b22a] sendfile(29, 32, [3440640], 2460656) = 196608 <0.004432>
14:27:52.202432 [    7fcce6976f33] epoll_wait(9, {{EPOLLOUT, {u32=3884587280, u64=140518034643216}}}, 512, 4916) = 1 <0.000014>

14:27:52.207741 [    7fcce696f20b] writev(21, [{"mumble"..., 4096}], 1) = 244 <0.000016>
14:27:52.207833 [    7fcce6976f33] epoll_wait(9, {{EPOLLIN|EPOLLOUT, {u32=3884587472, u64=140518034643408}}, {EPOLLOUT, {u32=3884587089, u64=140518034643025}}}, 512, 4911) = 2 <0.000011>
14:27:52.207884 [    7fcce696b22a] sendfile(25, 28, [2457600], 945024) = 131072 <0.003887>
14:27:52.211823 [    7fcce6976f33] epoll_wait(9, {{EPOLLOUT, {u32=3884585552, u64=140518034641488}}}, 512, 4906) = 1 <0.000013>

14:27:52.217014 [    7fcce696f20b] writev(3, [{"mumble"..., 4096}], 1) = 2578 <0.000027>
14:27:52.217120 [    7fcce6976f33] epoll_wait(9, {{EPOLLIN|EPOLLOUT, {u32=3884586513, u64=140518034642449}}}, 512, 4902) = 1 <0.000012>
14:27:52.217179 [    7fcce6976f33] epoll_wait(9, {{EPOLLIN|EPOLLOUT, {u32=3884589009, u64=140518034644945}}}, 512, 4896) = 1 <0.040920>
14:27:52.258151 [    7fcce6976f33] epoll_wait(9, {{EPOLLOUT, {u32=3884586704, u64=140518034642640}}}, 512, 4855) = 1 <0.036034>

14:27:52.296698 [    7fcce696f20b] writev(11, [{"mumble"..., 4096}], 1) = 2466 <0.000015>
14:27:52.296791 [    7fcce6976f33] epoll_wait(9, {{EPOLLIN|EPOLLOUT, {u32=3884588817, u64=140518034644753}}, {EPOLLOUT, {u32=3884586128, u64=140518034642064}}, {EPOLLOUT, {u32=3884586897, u64=140518034642833}}}, 512, 4819) = 3 <0.000013>

14:27:52.300912 [    7fcce696f20b] writev(13, [{"mumble"..., 4096}], 1) = 2760 <0.000015>

14:27:52.306124 [    7fcce696f20b] writev(17, [{"mumble"..., 4096}], 1) = 60 <0.000028>
14:27:52.306232 [    7fcce6976f33] epoll_wait(9, {{EPOLLIN|EPOLLOUT, {u32=3884588240, u64=140518034644176}}, {EPOLLOUT, {u32=3884586320, u64=140518034642256}}, {EPOLLIN|EPOLLOUT, {u32=3884588625, u64=140518034644561}}, {EPOLLOUT, {u32=3884587665, u64=140518034643601}}, {EPOLLOUT, {u32=3884587280, u64=140518034643216}}}, 512, 4817) = 5 <0.000013>
14:27:52.306300 [    7fcce696b22a] sendfile(15, 16, [6176768], 1100632) = 147456 <0.000072>
14:27:52.306410 [    7fcce696b22a] sendfile(27, 30, [2359296], 427824) = 196608 <0.000070>

14:27:52.308557 [    7fcce696f20b] writev(21, [{"mumble"..., 4096}], 1) = 3138 <0.000015>
14:27:52.308648 [    7fcce6976f33] epoll_wait(9, {{EPOLLIN|EPOLLOUT, {u32=3884587472, u64=140518034643408}}}, 512, 4807) = 1 <0.000013>
14:27:52.308698 [    7fcce6976f33] epoll_wait(9, {{EPOLLOUT, {u32=3884587280, u64=140518034643216}}}, 512, 4805) = 1 <0.005405>

14:27:52.315903 [    7fcce696f20b] writev(21, [{"mumble"..., 4096}], 1) = 1880 <0.000023>
14:27:52.316017 [    7fcce6976f33] epoll_wait(9, {{EPOLLIN|EPOLLOUT, {u32=3884587472, u64=140518034643408}}}, 512, 4799) = 1 <0.000018>
14:27:52.316082 [    7fcce6976f33] epoll_wait(9, {{EPOLLOUT, {u32=3884587280, u64=140518034643216}}}, 512, 4797) = 1 <0.007343>

14:27:52.325838 [    7fcce696f20b] writev(21, [{"mumble"..., 4096}], 1) = 3404 <0.000029>
14:27:52.325953 [    7fcce6976f33] epoll_wait(9, {{EPOLLOUT, {u32=3884586128, u64=140518034642064}}, {EPOLLIN|EPOLLOUT, {u32=3884587472, u64=140518034643408}}, {EPOLLOUT, {u32=3884587089, u64=140518034643025}}}, 512, 4790) = 3 <0.000015>

14:27:52.331576 [    7fcce696f20b] writev(13, [{"mumble"..., 4096}], 1) = 3110 <0.000023>
14:27:52.331690 [    7fcce696b22a] sendfile(25, 28, [2588672], 813952) = 98304 <0.000038>
14:27:52.331779 [    7fcce6976f33] epoll_wait(9, {{EPOLLIN|EPOLLOUT, {u32=3884588240, u64=140518034644176}}, {EPOLLOUT, {u32=3884586897, u64=140518034642833}}, {EPOLLOUT, {u32=3884586320, u64=140518034642256}}}, 512, 4787) = 3 <0.000018>

14:27:52.336879 [    7fcce696f20b] writev(17, [{"mumble"..., 4096}], 1) = 1752 <0.000021>
14:27:52.336989 [    7fcce696b22a] sendfile(15, 16, [6324224], 953176) = 147456 <0.000078>
14:27:52.337115 [    7fcce6976f33] epoll_wait(9, {{EPOLLIN|EPOLLOUT, {u32=3884588625, u64=140518034644561}}}, 512, 4782) = 1 <0.000018>
14:27:52.337191 [    7fcce6976f33] epoll_wait(9, {{EPOLLOUT, {u32=3884587280, u64=140518034643216}}}, 512, 4776) = 1 <0.004621>

14:27:52.344359 [    7fcce696f20b] writev(21, [{"mumble"..., 4096}], 1) = 2188 <0.000022>
14:27:52.344469 [    7fcce6976f33] epoll_wait(9, {{EPOLLOUT, {u32=3884585936, u64=140518034641872}}, {EPOLLIN|EPOLLOUT, {u32=3884587472, u64=140518034643408}}}, 512, 4772) = 2 <0.000018>

14:27:52.349126 [    7fcce696f20b] writev(10, [{"mumble"..., 4096}], 1) = 984 <0.000022>
14:27:52.349235 [    7fcce6976f33] epoll_wait(9, {{EPOLLIN|EPOLLOUT, {u32=3884589009, u64=140518034644945}}}, 512, 4769) = 1 <0.000017>
14:27:52.349301 [    7fcce6976f33] epoll_wait(9, {{EPOLLOUT, {u32=3884587280, u64=140518034643216}}}, 512, 4764) = 1 <0.009435>

14:27:52.361154 [    7fcce696f20b] writev(21, [{"mumble"..., 4096}], 1) = 972 <0.000019>
14:27:52.361261 [    7fcce6976f33] epoll_wait(9, {{EPOLLIN|EPOLLOUT, {u32=3884587472, u64=140518034643408}}, {EPOLLOUT, {u32=3884587089, u64=140518034643025}}}, 512, 4755) = 2 <0.000015>
14:27:52.361327 [    7fcce696b22a] sendfile(25, 28, [2686976], 715648) = 98304 <0.000070>
14:27:52.361444 [    7fcce6976f33] epoll_wait(9, {{EPOLLOUT, {u32=3884586128, u64=140518034642064}}}, 512, 4752) = 1 <0.003483>

14:27:52.369168 [    7fcce696f20b] writev(13, [{"mumble"..., 4096}], 1) = 692 <0.000013>
14:27:52.369255 [    7fcce6976f33] epoll_wait(9, {{EPOLLIN|EPOLLOUT, {u32=3884588240, u64=140518034644176}}}, 512, 4749) = 1 <0.000011>
14:27:52.369302 [    7fcce6976f33] epoll_wait(9, {{EPOLLOUT, {u32=3884587280, u64=140518034643216}}}, 512, 4744) = 1 <0.000599>

14:27:52.372896 [    7fcce696f20b] writev(21, [{"mumble"..., 4096}], 1) = 2524 <0.000023>
14:27:52.373006 [    7fcce6976f33] epoll_wait(9, {{EPOLLIN|EPOLLOUT, {u32=3884587472, u64=140518034643408}}}, 512, 4744) = 1 <0.000018>
14:27:52.373072 [    7fcce6976f33] epoll_wait(9, {{EPOLLOUT, {u32=3884586897, u64=140518034642833}}}, 512, 4740) = 1 <0.004601>

14:27:52.382620 [    7fcce696f20b] writev(17, [{"mumble"..., 4096}], 1) = 2060 <0.000015>
14:27:52.382711 [    7fcce6976f33] epoll_wait(9, {{EPOLLIN|EPOLLOUT, {u32=3884588625, u64=140518034644561}}, {EPOLLOUT, {u32=3884587665, u64=140518034643601}}}, 512, 4736) = 2 <0.000014>
14:27:52.382768 [    7fcce696b22a] sendfile(27, 30, [2555904], 231216) = 196608 <0.001689>
14:27:52.384498 [    7fcce6976f33] epoll_wait(9, {{EPOLLOUT, {u32=3884587280, u64=140518034643216}}}, 512, 4731) = 1 <0.000014>

14:27:52.386766 [    7fcce696f20b] writev(21, [{"mumble"..., 4096}], 1) = 2692 <0.000016>
14:27:52.386858 [    7fcce6976f33] epoll_wait(9, {{EPOLLIN|EPOLLOUT, {u32=3884587472, u64=140518034643408}}, {EPOLLOUT, {u32=3884587089, u64=140518034643025}}}, 512, 4729) = 2 <0.000013>
14:27:52.386913 [    7fcce696b22a] sendfile(25, 28, [2785280], 617344) = 98304 <0.000063>
14:27:52.387012 [    7fcce6976f33] epoll_wait(9, {{EPOLLOUT, {u32=3884586128, u64=140518034642064}}}, 512, 4727) = 1 <0.006841>

14:27:52.397981 [    7fcce696f20b] writev(13, [{"mumble"..., 4096}], 1) = 3740 <0.000014>
14:27:52.398069 [    7fcce6976f33] epoll_wait(9, {{EPOLLIN|EPOLLOUT, {u32=3884588240, u64=140518034644176}}, {EPOLLOUT, {u32=3884587280, u64=140518034643216}}, {EPOLLOUT, {u32=3884586320, u64=140518034642256}}}, 512, 4720) = 3 <0.000012>

14:27:52.399675 [    7fcce696f20b] writev(21, [{"mumble"..., 4096}], 1) = 2818 <0.000013>
14:27:52.399763 [    7fcce696b22a] sendfile(15, 16, [6471680], 805720) = 147456 <0.000126>
14:27:52.399940 [    7fcce6976f33] epoll_wait(9, {{EPOLLIN|EPOLLOUT, {u32=3884587472, u64=140518034643408}}}, 512, 4715) = 1 <0.000021>
14:27:52.400004 [    7fcce6976f33] epoll_wait(9, {{EPOLLOUT, {u32=3884587280, u64=140518034643216}}}, 512, 4714) = 1 <0.005995>

14:27:52.408570 [    7fcce696f20b] writev(21, [{"mumble"..., 4096}], 1) = 1602 <0.000025>
14:27:52.408686 [    7fcce6976f33] epoll_wait(9, {{EPOLLOUT, {u32=3884586897, u64=140518034642833}}, {EPOLLIN|EPOLLOUT, {u32=3884587472, u64=140518034643408}}}, 512, 4707) = 2 <0.000020>

14:27:52.414529 [    7fcce696f20b] writev(17, [{"mumble"..., 4096}], 1) = 1054 <0.000022>
14:27:52.414640 [    7fcce6976f33] epoll_wait(9, {{EPOLLIN|EPOLLOUT, {u32=3884588625, u64=140518034644561}}}, 512, 4705) = 1 <0.000018>
14:27:52.414706 [    7fcce6976f33] epoll_wait(9, {{EPOLLOUT, {u32=3884587280, u64=140518034643216}}}, 512, 4699) = 1 <0.001126>

14:27:52.418316 [    7fcce696f20b] writev(21, [{"mumble"..., 4096}], 1) = 1756 <0.000023>
14:27:52.418427 [    7fcce6976f33] epoll_wait(9, {{EPOLLOUT, {u32=3884586128, u64=140518034642064}}, {EPOLLOUT, {u32=3884587089, u64=140518034643025}}, {EPOLLIN|EPOLLOUT, {u32=3884587472, u64=140518034643408}}}, 512, 4698) = 3 <0.000018>

14:27:52.423828 [    7fcce696f20b] writev(13, [{"mumble"..., 4096}], 1) = 2706 <0.000023>
14:27:52.423940 [    7fcce696b22a] sendfile(25, 28, [2883584], 519040) = 131072 <0.000079>
14:27:52.424068 [    7fcce6976f33] epoll_wait(9, {{EPOLLIN|EPOLLOUT, {u32=3884588240, u64=140518034644176}}}, 512, 4695) = 1 <0.000019>
14:27:52.424136 [    7fcce6976f33] epoll_wait(9, {{EPOLLOUT, {u32=3884587280, u64=140518034643216}}}, 512, 4689) = 1 <0.002355>

14:27:52.429151 [    7fcce696f20b] writev(21, [{"mumble"..., 4096}], 1) = 1924 <0.000019>
14:27:52.429257 [    7fcce6976f33] epoll_wait(9, {{EPOLLIN|EPOLLOUT, {u32=3884587472, u64=140518034643408}}}, 512, 4687) = 1 <0.000015>
14:27:52.429318 [    7fcce6976f33] epoll_wait(9, {{EPOLLOUT, {u32=3884586897, u64=140518034642833}}}, 512, 4684) = 1 <0.006181>

14:27:52.440006 [    7fcce696f20b] writev(17, [{"mumble"..., 4096}], 1) = 2760 <0.000015>
14:27:52.440098 [    7fcce6976f33] epoll_wait(9, {{EPOLLIN|EPOLLOUT, {u32=3884588625, u64=140518034644561}}, {EPOLLOUT, {u32=3884587665, u64=140518034643601}}, {EPOLLOUT, {u32=3884586128, u64=140518034642064}}}, 512, 4678) = 3 <0.000014>
14:27:52.440156 [    7fcce696b22a] sendfile(27, 30, [2752512], 34608) = 34608 <0.000020>
14:27:52.440211 [    7fcce6977b27] shutdown(27, 1 /* send */) = 0 <0.000014>
14:27:52.440258 [    7fcce74c3102] recvfrom(27, 0x7fffe1122a80, 4096, 0, 0, 0) = -1 EAGAIN (Resource temporarily unavailable) <0.000013>

14:27:52.444904 [    7fcce696f20b] writev(13, [{"mumble"..., 4096}], 1) = 3056 <0.000015>
14:27:52.444995 [    7fcce6976f33] epoll_wait(9, {{EPOLLOUT, {u32=3884587665, u64=140518034643601}}, {EPOLLOUT, {u32=3884586320, u64=140518034642256}}, {EPOLLIN|EPOLLOUT, {u32=3884588240, u64=140518034644176}}, {EPOLLOUT, {u32=3884587280, u64=140518034643216}}}, 512, 4673) = 4 <0.000014>
14:27:52.445056 [    7fcce696b22a] sendfile(15, 16, [6619136], 658264) = 196608 <0.004096>

14:27:52.452684 [    7fcce696f20b] writev(21, [{"mumble"..., 4096}], 1) = 820 <0.000016>
14:27:52.452776 [    7fcce6976f33] epoll_wait(9, {{EPOLLIN|EPOLLOUT, {u32=3884587472, u64=140518034643408}}, {EPOLLOUT, {u32=3884587089, u64=140518034643025}}}, 512, 4668) = 2 <0.000013>
14:27:52.452831 [    7fcce696b22a] sendfile(25, 28, [3014656], 387968) = 131072 <0.000068>
14:27:52.452935 [    7fcce6976f33] epoll_wait(9, {{EPOLLOUT, {u32=3884587280, u64=140518034643216}}}, 512, 4661) = 1 <0.007386>

14:27:52.462570 [    7fcce696f20b] writev(21, [{"mumble"..., 4096}], 1) = 3700 <0.000023>
14:27:52.462683 [    7fcce6976f33] epoll_wait(9, {{EPOLLIN|EPOLLOUT, {u32=3884587472, u64=140518034643408}}}, 512, 4653) = 1 <0.000018>
14:27:52.462748 [    7fcce6976f33] epoll_wait(9, {{EPOLLOUT, {u32=3884586128, u64=140518034642064}}}, 512, 4651) = 1 <0.001735>

14:27:52.469291 [    7fcce696f20b] writev(13, [{"mumble"..., 4096}], 1) = 2064 <0.000014>
14:27:52.469380 [    7fcce6976f33] epoll_wait(9, {{EPOLLIN|EPOLLOUT, {u32=3884588240, u64=140518034644176}}, {EPOLLIN|EPOLLOUT, {u32=3884586513, u64=140518034642449}}, {EPOLLOUT, {u32=3884586320, u64=140518034642256}}, {EPOLLOUT, {u32=3884587280, u64=140518034643216}}}, 512, 4649) = 4 <0.000012>
14:27:52.469443 [    7fcce696b22a] sendfile(15, 16, [6815744], 461656) = 147456 <0.000120>

14:27:52.472339 [    7fcce696f20b] writev(21, [{"mumble"..., 4096}], 1) = 2484 <0.000014>
14:27:52.472430 [    7fcce6976f33] epoll_wait(9, {{EPOLLIN|EPOLLOUT, {u32=3884587472, u64=140518034643408}}}, 512, 4644) = 1 <0.000011>
14:27:52.472477 [    7fcce6976f33] epoll_wait(9, {{EPOLLOUT, {u32=3884586897, u64=140518034642833}}}, 512, 4641) = 1 <0.001240>

14:27:52.475658 [    7fcce696f20b] writev(17, [{"mumble"..., 4096}], 1) = 1530 <0.000015>
14:27:52.475750 [    7fcce6976f33] epoll_wait(9, {{EPOLLIN|EPOLLOUT, {u32=3884588625, u64=140518034644561}}}, 512, 4640) = 1 <0.000014>
14:27:52.475803 [    7fcce6976f33] epoll_wait(9, {{EPOLLOUT, {u32=3884587280, u64=140518034643216}}}, 512, 4638) = 1 <0.002916>

14:27:52.481178 [    7fcce696f20b] writev(21, [{"mumble"..., 4096}], 1) = 1268 <0.000022>
14:27:52.481286 [    7fcce6976f33] epoll_wait(9, {{EPOLLOUT, {u32=3884587089, u64=140518034643025}}, {EPOLLIN|EPOLLOUT, {u32=3884587472, u64=140518034643408}}}, 512, 4635) = 2 <0.000019>
14:27:52.481360 [    7fcce696b22a] sendfile(25, 28, [3145728], 256896) = 131072 <0.000041>
14:27:52.481448 [    7fcce6976f33] epoll_wait(9, {{EPOLLOUT, {u32=3884586897, u64=140518034642833}}}, 512, 4632) = 1 <0.002736>

14:27:52.486266 [    7fcce696f20b] writev(17, [{"mumble"..., 4096}], 1) = 314 <0.000015>
14:27:52.486358 [    7fcce6976f33] epoll_wait(9, {{EPOLLIN|EPOLLOUT, {u32=3884588625, u64=140518034644561}}}, 512, 4629) = 1 <0.000014>
14:27:52.486409 [    7fcce6976f33] epoll_wait(9, {{EPOLLOUT, {u32=3884587280, u64=140518034643216}}}, 512, 4627) = 1 <0.002795>

14:27:52.491673 [    7fcce696f20b] writev(21, [{"mumble"..., 4096}], 1) = 1422 <0.000023>
14:27:52.491782 [    7fcce6976f33] epoll_wait(9, {{EPOLLOUT, {u32=3884586128, u64=140518034642064}}, {EPOLLIN|EPOLLOUT, {u32=3884587472, u64=140518034643408}}}, 512, 4624) = 2 <0.000018>

14:27:52.498940 [    7fcce696f20b] writev(13, [{"mumble"..., 4096}], 1) = 2512 <0.000024>
14:27:52.499051 [    7fcce6976f33] epoll_wait(9, {{EPOLLIN|EPOLLOUT, {u32=3884588240, u64=140518034644176}}, {EPOLLOUT, {u32=3884586897, u64=140518034642833}}, {EPOLLOUT, {u32=3884587280, u64=140518034643216}}, {EPOLLOUT, {u32=3884586704, u64=140518034642640}}}, 512, 4622) = 4 <0.000019>

14:27:52.502631 [    7fcce696f20b] writev(17, [{"mumble"..., 4096}], 1) = 538 <0.000020>

14:27:52.505577 [    7fcce696f20b] writev(21, [{"mumble"..., 4096}], 1) = 2974 <0.000022>

14:27:52.507669 [    7fcce696f20b] writev(11, [{"mumble"..., 4096}], 1) = 2592 <0.000023>
14:27:52.507787 [    7fcce6976f33] epoll_wait(9, {{EPOLLIN|EPOLLOUT, {u32=3884588625, u64=140518034644561}}, {EPOLLIN|EPOLLOUT, {u32=3884587472, u64=140518034643408}}, {EPOLLIN|EPOLLOUT, {u32=3884588817, u64=140518034644753}}}, 512, 4614) = 3 <0.000018>
14:27:52.507868 [    7fcce6976f33] epoll_wait(9, {{EPOLLOUT, {u32=3884586897, u64=140518034642833}}}, 512, 4606) = 1 <0.010116>

14:27:52.522358 [    7fcce696f20b] writev(17, [{"mumble"..., 4096}], 1) = 846 <0.000021>
14:27:52.522460 [    7fcce6976f33] epoll_wait(9, {{EPOLLIN|EPOLLOUT, {u32=3884588625, u64=140518034644561}}, {EPOLLOUT, {u32=3884587665, u64=140518034643601}}, {EPOLLOUT, {u32=3884587280, u64=140518034643216}}}, 512, 4595) = 3 <0.000019>

14:27:52.524183 [    7fcce696f20b] writev(21, [{"mumble"..., 4096}], 1) = 360 <0.000016>
14:27:52.524275 [    7fcce6976f33] epoll_wait(9, {{EPOLLOUT, {u32=3884587089, u64=140518034643025}}, {EPOLLIN|EPOLLOUT, {u32=3884587472, u64=140518034643408}}}, 512, 4591) = 2 <0.000013>
14:27:52.524329 [    7fcce696b22a] sendfile(25, 28, [3276800], 125824) = 125824 <0.000030>
14:27:52.524395 [    7fcce6977b27] shutdown(25, 1 /* send */) = 0 <0.000014>
14:27:52.524442 [    7fcce74c3102] recvfrom(25, 0x7fffe1122a80, 4096, 0, 0, 0) = -1 EAGAIN (Resource temporarily unavailable) <0.000013>
14:27:52.524491 [    7fcce6976f33] epoll_wait(9, {{EPOLLOUT, {u32=3884587089, u64=140518034643025}}}, 512, 4589) = 1 <0.000013>
14:27:52.524541 [    7fcce6976f33] epoll_wait(9, {{EPOLLOUT, {u32=3884586704, u64=140518034642640}}}, 512, 4589) = 1 <0.006889>

14:27:52.533565 [    7fcce696f20b] writev(11, [{"mumble"..., 4096}], 1) = 2718 <0.000016>
14:27:52.533657 [    7fcce6976f33] epoll_wait(9, {{EPOLLIN|EPOLLOUT, {u32=3884588817, u64=140518034644753}}}, 512, 4582) = 1 <0.000013>
14:27:52.533707 [    7fcce6976f33] epoll_wait(9, {{EPOLLOUT, {u32=3884586320, u64=140518034642256}}}, 512, 4580) = 1 <0.003986>
14:27:52.537742 [    7fcce696b22a] sendfile(15, 16, [6963200], 314200) = 147456 <0.000072>
14:27:52.537863 [    7fcce6976f33] epoll_wait(9, {{EPOLLOUT, {u32=3884587280, u64=140518034643216}}}, 512, 4576) = 1 <0.005936>

14:27:52.548229 [    7fcce696f20b] writev(21, [{"mumble"..., 4096}], 1) = 3380 <0.000023>
14:27:52.548340 [    7fcce6976f33] epoll_wait(9, {{EPOLLIN|EPOLLOUT, {u32=3884587472, u64=140518034643408}}}, 512, 4570) = 1 <0.000019>
14:27:52.548406 [    7fcce6976f33] epoll_wait(9, {{EPOLLOUT, {u32=3884585552, u64=140518034641488}}}, 512, 4565) = 1 <0.000265>

14:27:52.553081 [    7fcce696f20b] writev(3, [{"mumble"..., 4096}], 1) = 1544 <0.000014>
14:27:52.553175 [    7fcce6976f33] epoll_wait(9, {{EPOLLIN|EPOLLOUT, {u32=3884586513, u64=140518034642449}}, {EPOLLOUT, {u32=3884586704, u64=140518034642640}}, {EPOLLOUT, {u32=3884587857, u64=140518034643793}}}, 512, 4565) = 3 <0.000013>

14:27:52.555812 [    7fcce696f20b] writev(11, [{"mumble"..., 4096}], 1) = 2914 <0.000016>
14:27:52.555905 [    7fcce6976f33] epoll_wait(9, {{EPOLLOUT, {u32=3884588433, u64=140518034644369}}, {EPOLLIN|EPOLLOUT, {u32=3884588817, u64=140518034644753}}}, 512, 4560) = 2 <0.000012>
14:27:52.555958 [    7fcce696b22a] sendfile(29, 32, [3637248], 2264048) = 147456 <0.000073>
14:27:52.556068 [    7fcce6976f33] epoll_wait(9, {{EPOLLOUT, {u32=3884586704, u64=140518034642640}}}, 512, 4558) = 1 <0.019166>

14:27:52.577426 [    7fcce696f20b] writev(11, [{"mumble"..., 4096}], 1) = 1712 <0.000014>
14:27:52.577516 [    7fcce6976f33] epoll_wait(9, {{EPOLLIN|EPOLLOUT, {u32=3884588817, u64=140518034644753}}}, 512, 4538) = 1 <0.000011>
14:27:52.577563 [    7fcce6976f33] epoll_wait(9, {{EPOLLOUT, {u32=3884587280, u64=140518034643216}}}, 512, 4536) = 1 <0.007534>

14:27:52.590843 [    7fcce696f20b] writev(21, [{"mumble"..., 4096}], 1) = 2374 <0.000023>
14:27:52.590954 [    7fcce6976f33] epoll_wait(9, {{EPOLLOUT, {u32=3884586704, u64=140518034642640}}, {EPOLLIN|EPOLLOUT, {u32=3884587472, u64=140518034643408}}, {EPOLLOUT, {u32=3884585552, u64=140518034641488}}, {EPOLLOUT, {u32=3884585936, u64=140518034641872}}}, 512, 4528) = 4 <0.000018>

14:27:52.594509 [    7fcce696f20b] writev(11, [{"mumble"..., 4096}], 1) = 3306 <0.000032>

14:27:52.601995 [    7fcce696f20b] writev(3, [{"mumble"..., 4096}], 1) = 2020 <0.000021>

14:27:52.608739 [    7fcce696f20b] writev(10, [{"mumble"..., 4096}], 1) = 34 <0.000021>
14:27:52.608868 [    7fcce6976f33] epoll_wait(9, {{EPOLLIN|EPOLLOUT, {u32=3884588817, u64=140518034644753}}, {EPOLLOUT, {u32=3884588433, u64=140518034644369}}, {EPOLLOUT, {u32=3884586704, u64=140518034642640}}, {EPOLLIN|EPOLLOUT, {u32=3884589009, u64=140518034644945}}, {EPOLLOUT, {u32=3884585745, u64=140518034641681}}}, 512, 4522) = 5 <0.000019>
14:27:52.608968 [    7fcce696b22a] sendfile(29, 32, [3784704], 2116592) = 147456 <0.000078>

14:27:52.612879 [    7fcce696f20b] writev(11, [{"mumble"..., 4096}], 1) = 1594 <0.000024>
14:27:52.612993 [    7fcce696b22a] sendfile(31, 33, [1572864], 3734792) = 196608 <0.000084>
14:27:52.613127 [    7fcce6976f33] epoll_wait(9, {{EPOLLOUT, {u32=3884587280, u64=140518034643216}}, {EPOLLIN|EPOLLOUT, {u32=3884588817, u64=140518034644753}}}, 512, 4505) = 2 <0.000019>

14:27:52.620040 [    7fcce696f20b] writev(21, [{"mumble"..., 4096}], 1) = 1438 <0.000022>
14:27:52.620149 [    7fcce6976f33] epoll_wait(9, {{EPOLLIN|EPOLLOUT, {u32=3884587472, u64=140518034643408}}, {EPOLLOUT, {u32=3884586897, u64=140518034642833}}}, 512, 4500) = 2 <0.000017>

14:27:52.625236 [    7fcce696f20b] writev(17, [{"mumble"..., 4096}], 1) = 2538 <0.000021>
14:27:52.625344 [    7fcce6976f33] epoll_wait(9, {{EPOLLOUT, {u32=3884587280, u64=140518034643216}}}, 512, 4493) = 1 <0.004734>

14:27:52.634900 [    7fcce696f20b] writev(21, [{"mumble"..., 4096}], 1) = 3130 <0.000034>
14:27:52.635024 [    7fcce6976f33] epoll_wait(9, {{EPOLLOUT, {u32=3884587089, u64=140518034643025}}}, 512, 4483) = 1 <0.012738>
14:27:52.647831 [    7fcce6976f33] epoll_wait(9, {{EPOLLOUT, {u32=3884587280, u64=140518034643216}}}, 512, 4466) = 1 <0.001491>

14:27:52.651100 [    7fcce696f20b] writev(21, [{"mumble"..., 4096}], 1) = 1872 <0.000022>
14:27:52.651209 [    7fcce6976f33] epoll_wait(9, {{EPOLLOUT, {u32=3884587280, u64=140518034643216}}}, 512, 4464) = 1 <0.004495>

14:27:52.657945 [    7fcce696f20b] writev(21, [{"mumble"..., 3198}], 1) = 3198 <0.000023>
14:27:52.658057 [    7fcce74c2d70] close(19) = 0 <0.000052>
14:27:52.658186 [    7fcce74c2cb0] write(5, "10.0.0.99 - - [27/Apr/2015:14:27:52 +0100] \"GET /d/autoconf/nfs/bigstash/00000013/759275.v1.refract.bwa_mapped.bam.bai"..., 680) = 680 <0.000024>
14:27:52.658279 [    7fcce74c3102] recvfrom(21, 0x2693120, 1024, 0, 0, 0) = -1 EAGAIN (Resource temporarily unavailable) <0.000019>
14:27:52.658359 [    7fcce6976f33] epoll_wait(9, {{EPOLLIN|EPOLLOUT|EPOLLHUP, {u32=3884587089, u64=140518034643025}}}, 512, 4458) = 1 <0.000016>
14:27:52.658421 [    7fcce74c3102] recvfrom(25, "mumble", 4096, 0, NULL, NULL) = 0 <0.000017>
14:27:52.658485 [    7fcce6977767] getsockname(25, {sa_family=AF_INET, sin_port=htons(8001), sin_addr=inet_addr("127.0.0.1")}, [16]) = 0 <0.000014>
14:27:52.658649 [    7fcce74c2d70] close(28) = 0 <0.000062>
14:27:52.658763 [    7fcce74c2d70] close(25) = 0 <0.000026>
14:27:52.658832 [    7fcce6976f33] epoll_wait(9, {{EPOLLOUT, {u32=3884586897, u64=140518034642833}}}, 512, 4455) = 1 <0.000016>
14:32:15.521767 [    7fcce6942758] exit_group(0) = ?
